{"/home/travis/build/npmtest/node-npmtest-css-purge/test.js":{"path":"/home/travis/build/npmtest/node-npmtest-css-purge/test.js","s":{"1":2,"2":2,"3":2,"4":2,"5":2,"6":2,"7":2,"8":1,"9":2,"10":2,"11":1,"12":1,"13":1,"14":1,"15":2,"16":2,"17":2,"18":2,"19":1,"20":1,"21":2,"22":2,"23":2,"24":1,"25":1,"26":1,"27":1,"28":1,"29":1,"30":1,"31":1,"32":1,"33":1,"34":1,"35":1,"36":1,"37":1,"38":1,"39":2,"40":2,"41":1,"42":2,"43":2,"44":1,"45":2,"46":2,"47":1,"48":2,"49":2,"50":1,"51":1,"52":1,"53":1,"54":1},"b":{"1":[2,1,1,1],"2":[1,1,1,1],"3":[1,1],"4":[1,1],"5":[1,1],"6":[1,1],"7":[1,1],"8":[1,1],"9":[1,1],"10":[1,1,1],"11":[1,1],"12":[1,1],"13":[1,1],"14":[1,1],"15":[1,1],"16":[1,1],"17":[1,1]},"f":{"1":2,"2":2,"3":2,"4":2,"5":2,"6":1,"7":1,"8":1,"9":2,"10":2,"11":2,"12":2,"13":1},"fnMap":{"1":{"name":"(anonymous_1)","line":12,"loc":{"start":{"line":12,"column":1},"end":{"line":12,"column":13}}},"2":{"name":"(anonymous_2)","line":19,"loc":{"start":{"line":19,"column":5},"end":{"line":19,"column":17}}},"3":{"name":"(anonymous_3)","line":23,"loc":{"start":{"line":23,"column":24},"end":{"line":23,"column":36}}},"4":{"name":"(anonymous_4)","line":61,"loc":{"start":{"line":61,"column":5},"end":{"line":61,"column":17}}},"5":{"name":"(anonymous_5)","line":82,"loc":{"start":{"line":82,"column":5},"end":{"line":82,"column":17}}},"6":{"name":"(anonymous_6)","line":91,"loc":{"start":{"line":91,"column":77},"end":{"line":94,"column":10}}},"7":{"name":"(anonymous_7)","line":112,"loc":{"start":{"line":112,"column":83},"end":{"line":115,"column":10}},"skip":true},"8":{"name":"(anonymous_8)","line":123,"loc":{"start":{"line":123,"column":77},"end":{"line":126,"column":10}},"skip":true},"9":{"name":"(anonymous_9)","line":139,"loc":{"start":{"line":139,"column":12},"end":{"line":139,"column":40}},"skip":true},"10":{"name":"(anonymous_10)","line":147,"loc":{"start":{"line":147,"column":77},"end":{"line":150,"column":10}},"skip":true},"11":{"name":"(anonymous_11)","line":158,"loc":{"start":{"line":158,"column":83},"end":{"line":161,"column":10}},"skip":true},"12":{"name":"(anonymous_12)","line":169,"loc":{"start":{"line":169,"column":79},"end":{"line":172,"column":10}},"skip":true},"13":{"name":"(anonymous_13)","line":180,"loc":{"start":{"line":180,"column":75},"end":{"line":183,"column":10}},"skip":true}},"statementMap":{"1":{"start":{"line":12,"column":0},"end":{"line":195,"column":5}},"2":{"start":{"line":14,"column":4},"end":{"line":14,"column":14}},"3":{"start":{"line":19,"column":4},"end":{"line":56,"column":9}},"4":{"start":{"line":21,"column":8},"end":{"line":21,"column":19}},"5":{"start":{"line":23,"column":8},"end":{"line":35,"column":13}},"6":{"start":{"line":24,"column":12},"end":{"line":34,"column":13}},"7":{"start":{"line":25,"column":16},"end":{"line":28,"column":30}},"8":{"start":{"line":30,"column":16},"end":{"line":33,"column":27}},"9":{"start":{"line":37,"column":8},"end":{"line":39,"column":21}},"10":{"start":{"line":40,"column":8},"end":{"line":53,"column":9}},"11":{"start":{"line":43,"column":12},"end":{"line":46,"column":14}},"12":{"start":{"line":47,"column":12},"end":{"line":47,"column":18}},"13":{"start":{"line":50,"column":12},"end":{"line":51,"column":46}},"14":{"start":{"line":52,"column":12},"end":{"line":52,"column":18}},"15":{"start":{"line":55,"column":8},"end":{"line":55,"column":35}},"16":{"start":{"line":61,"column":4},"end":{"line":63,"column":9}},"17":{"start":{"line":62,"column":8},"end":{"line":62,"column":15}},"18":{"start":{"line":64,"column":4},"end":{"line":77,"column":5}},"19":{"start":{"line":70,"column":8},"end":{"line":70,"column":14}},"20":{"start":{"line":76,"column":8},"end":{"line":76,"column":14}},"21":{"start":{"line":82,"column":4},"end":{"line":84,"column":9}},"22":{"start":{"line":83,"column":8},"end":{"line":83,"column":15}},"23":{"start":{"line":85,"column":4},"end":{"line":194,"column":5}},"24":{"start":{"line":91,"column":8},"end":{"line":99,"column":10}},"25":{"start":{"line":98,"column":12},"end":{"line":98,"column":35}},"26":{"start":{"line":102,"column":8},"end":{"line":104,"column":63}},"27":{"start":{"line":105,"column":8},"end":{"line":105,"column":14}},"28":{"start":{"line":112,"column":8},"end":{"line":121,"column":10},"skip":true},"29":{"start":{"line":119,"column":12},"end":{"line":119,"column":55},"skip":true},"30":{"start":{"line":120,"column":12},"end":{"line":120,"column":48},"skip":true},"31":{"start":{"line":123,"column":8},"end":{"line":136,"column":10},"skip":true},"32":{"start":{"line":130,"column":12},"end":{"line":130,"column":76},"skip":true},"33":{"start":{"line":131,"column":12},"end":{"line":131,"column":73},"skip":true},"34":{"start":{"line":132,"column":12},"end":{"line":132,"column":74},"skip":true},"35":{"start":{"line":133,"column":12},"end":{"line":133,"column":79},"skip":true},"36":{"start":{"line":134,"column":12},"end":{"line":134,"column":25},"skip":true},"37":{"start":{"line":135,"column":12},"end":{"line":135,"column":45},"skip":true},"38":{"start":{"line":138,"column":8},"end":{"line":145,"column":14},"skip":true},"39":{"start":{"line":143,"column":16},"end":{"line":143,"column":29},"skip":true},"40":{"start":{"line":144,"column":16},"end":{"line":144,"column":55},"skip":true},"41":{"start":{"line":147,"column":8},"end":{"line":156,"column":10},"skip":true},"42":{"start":{"line":154,"column":12},"end":{"line":154,"column":25},"skip":true},"43":{"start":{"line":155,"column":12},"end":{"line":155,"column":45},"skip":true},"44":{"start":{"line":158,"column":8},"end":{"line":167,"column":10},"skip":true},"45":{"start":{"line":165,"column":12},"end":{"line":165,"column":25},"skip":true},"46":{"start":{"line":166,"column":12},"end":{"line":166,"column":48},"skip":true},"47":{"start":{"line":169,"column":8},"end":{"line":178,"column":10},"skip":true},"48":{"start":{"line":176,"column":12},"end":{"line":176,"column":25},"skip":true},"49":{"start":{"line":177,"column":12},"end":{"line":177,"column":46},"skip":true},"50":{"start":{"line":180,"column":8},"end":{"line":189,"column":10},"skip":true},"51":{"start":{"line":187,"column":12},"end":{"line":187,"column":94},"skip":true},"52":{"start":{"line":188,"column":12},"end":{"line":188,"column":48},"skip":true},"53":{"start":{"line":192,"column":8},"end":{"line":192,"column":35},"skip":true},"54":{"start":{"line":193,"column":8},"end":{"line":193,"column":14},"skip":true}},"branchMap":{"1":{"line":25,"type":"binary-expr","locations":[{"start":{"line":25,"column":23},"end":{"line":25,"column":62}},{"start":{"line":26,"column":20},"end":{"line":26,"column":70}},{"start":{"line":27,"column":20},"end":{"line":27,"column":71}},{"start":{"line":28,"column":20},"end":{"line":28,"column":29}}]},"2":{"line":30,"type":"binary-expr","locations":[{"start":{"line":30,"column":23},"end":{"line":30,"column":37}},{"start":{"line":31,"column":20},"end":{"line":31,"column":61}},{"start":{"line":32,"column":20},"end":{"line":32,"column":70}},{"start":{"line":33,"column":20},"end":{"line":33,"column":26}}]},"3":{"line":37,"type":"cond-expr","locations":[{"start":{"line":38,"column":14},"end":{"line":38,"column":20}},{"start":{"line":39,"column":14},"end":{"line":39,"column":20}}]},"4":{"line":40,"type":"switch","locations":[{"start":{"line":42,"column":8},"end":{"line":47,"column":18}},{"start":{"line":49,"column":8},"end":{"line":52,"column":18}}]},"5":{"line":44,"type":"binary-expr","locations":[{"start":{"line":44,"column":16},"end":{"line":44,"column":44}},{"start":{"line":44,"column":48},"end":{"line":44,"column":66}}]},"6":{"line":50,"type":"binary-expr","locations":[{"start":{"line":50,"column":21},"end":{"line":50,"column":49}},{"start":{"line":50,"column":53},"end":{"line":50,"column":72}}]},"7":{"line":64,"type":"switch","locations":[{"start":{"line":69,"column":4},"end":{"line":70,"column":14}},{"start":{"line":75,"column":4},"end":{"line":76,"column":14}}]},"8":{"line":85,"type":"switch","locations":[{"start":{"line":90,"column":4},"end":{"line":105,"column":14}},{"start":{"line":111,"column":4},"end":{"line":193,"column":14},"skip":true}]},"9":{"line":91,"type":"binary-expr","locations":[{"start":{"line":91,"column":42},"end":{"line":91,"column":73}},{"start":{"line":91,"column":77},"end":{"line":99,"column":9}}]},"10":{"line":102,"type":"binary-expr","locations":[{"start":{"line":102,"column":18},"end":{"line":102,"column":32}},{"start":{"line":103,"column":12},"end":{"line":103,"column":53}},{"start":{"line":104,"column":12},"end":{"line":104,"column":61}}]},"11":{"line":112,"type":"binary-expr","locations":[{"start":{"line":112,"column":45},"end":{"line":112,"column":79},"skip":true},{"start":{"line":112,"column":83},"end":{"line":121,"column":9},"skip":true}]},"12":{"line":123,"type":"binary-expr","locations":[{"start":{"line":123,"column":42},"end":{"line":123,"column":73},"skip":true},{"start":{"line":123,"column":77},"end":{"line":136,"column":9},"skip":true}]},"13":{"line":138,"type":"binary-expr","locations":[{"start":{"line":138,"column":48},"end":{"line":138,"column":85},"skip":true},{"start":{"line":139,"column":12},"end":{"line":145,"column":13},"skip":true}]},"14":{"line":147,"type":"binary-expr","locations":[{"start":{"line":147,"column":42},"end":{"line":147,"column":73},"skip":true},{"start":{"line":147,"column":77},"end":{"line":156,"column":9},"skip":true}]},"15":{"line":158,"type":"binary-expr","locations":[{"start":{"line":158,"column":45},"end":{"line":158,"column":79},"skip":true},{"start":{"line":158,"column":83},"end":{"line":167,"column":9},"skip":true}]},"16":{"line":169,"type":"binary-expr","locations":[{"start":{"line":169,"column":43},"end":{"line":169,"column":75},"skip":true},{"start":{"line":169,"column":79},"end":{"line":178,"column":9},"skip":true}]},"17":{"line":180,"type":"binary-expr","locations":[{"start":{"line":180,"column":41},"end":{"line":180,"column":71},"skip":true},{"start":{"line":180,"column":75},"end":{"line":189,"column":9},"skip":true}]}},"code":["/* istanbul instrument in package npmtest_css_purge */","/*jslint","    bitwise: true,","    browser: true,","    maxerr: 8,","    maxlen: 96,","    node: true,","    nomen: true,","    regexp: true,","    stupid: true","*/","(function () {","    'use strict';","    var local;","","","","    // run shared js-env code - pre-init","    (function () {","        // init local","        local = {};","        // init modeJs","        local.modeJs = (function () {","            try {","                return typeof navigator.userAgent === 'string' &&","                    typeof document.querySelector('body') === 'object' &&","                    typeof XMLHttpRequest.prototype.open === 'function' &&","                    'browser';","            } catch (errorCaughtBrowser) {","                return module.exports &&","                    typeof process.versions.node === 'string' &&","                    typeof require('http').createServer === 'function' &&","                    'node';","            }","        }());","        // init global","        local.global = local.modeJs === 'browser'","            ? window","            : global;","        switch (local.modeJs) {","        // re-init local from window.local","        case 'browser':","            local = local.global.utility2.objectSetDefault(","                local.global.utility2_rollup || local.global.local,","                local.global.utility2","            );","            break;","        // re-init local from example.js","        case 'node':","            local = (local.global.utility2_rollup || require('utility2'))","                .requireExampleJsFromReadme();","            break;","        }","        // export local","        local.global.local = local;","    }());","","","","    // run shared js-env code - function","    (function () {","        return;","    }());","    switch (local.modeJs) {","","","","    // run browser js-env code - function","    case 'browser':","        break;","","","","    // run node js-env code - function","    case 'node':","        break;","    }","","","","    // run shared js-env code - post-init","    (function () {","        return;","    }());","    switch (local.modeJs) {","","","","    // run browser js-env code - post-init","    case 'browser':","        local.testCase_browser_nullCase = local.testCase_browser_nullCase || function (","            options,","            onError","        ) {","        /*","         * this function will test browsers's null-case handling-behavior-behavior","         */","            onError(null, options);","        };","","        // run tests","        local.nop(local.modeTest &&","            document.querySelector('#testRunButton1') &&","            document.querySelector('#testRunButton1').click());","        break;","","","","    // run node js-env code - post-init","    /* istanbul ignore next */","    case 'node':","        local.testCase_buildApidoc_default = local.testCase_buildApidoc_default || function (","            options,","            onError","        ) {","        /*","         * this function will test buildApidoc's default handling-behavior-behavior","         */","            options = { modulePathList: module.paths };","            local.buildApidoc(options, onError);","        };","","        local.testCase_buildApp_default = local.testCase_buildApp_default || function (","            options,","            onError","        ) {","        /*","         * this function will test buildApp's default handling-behavior-behavior","         */","            local.testCase_buildReadme_default(options, local.onErrorThrow);","            local.testCase_buildLib_default(options, local.onErrorThrow);","            local.testCase_buildTest_default(options, local.onErrorThrow);","            local.testCase_buildCustomOrg_default(options, local.onErrorThrow);","            options = [];","            local.buildApp(options, onError);","        };","","        local.testCase_buildCustomOrg_default = local.testCase_buildCustomOrg_default ||","            function (options, onError) {","            /*","             * this function will test buildCustomOrg's default handling-behavior","             */","                options = {};","                local.buildCustomOrg(options, onError);","            };","","        local.testCase_buildLib_default = local.testCase_buildLib_default || function (","            options,","            onError","        ) {","        /*","         * this function will test buildLib's default handling-behavior","         */","            options = {};","            local.buildLib(options, onError);","        };","","        local.testCase_buildReadme_default = local.testCase_buildReadme_default || function (","            options,","            onError","        ) {","        /*","         * this function will test buildReadme's default handling-behavior-behavior","         */","            options = {};","            local.buildReadme(options, onError);","        };","","        local.testCase_buildTest_default = local.testCase_buildTest_default || function (","            options,","            onError","        ) {","        /*","         * this function will test buildTest's default handling-behavior","         */","            options = {};","            local.buildTest(options, onError);","        };","","        local.testCase_webpage_default = local.testCase_webpage_default || function (","            options,","            onError","        ) {","        /*","         * this function will test webpage's default handling-behavior","         */","            options = { modeCoverageMerge: true, url: local.serverLocalHost + '?modeTest=1' };","            local.browserTest(options, onError);","        };","","        // run test-server","        local.testRunServer(local);","        break;","    }","}());",""],"l":{"12":2,"14":2,"19":2,"21":2,"23":2,"24":2,"25":2,"30":1,"37":2,"40":2,"43":1,"47":1,"50":1,"52":1,"55":2,"61":2,"62":2,"64":2,"70":1,"76":1,"82":2,"83":2,"85":2,"91":1,"98":1,"102":1,"105":1,"112":1,"119":1,"120":1,"123":1,"130":1,"131":1,"132":1,"133":1,"134":1,"135":1,"138":1,"143":2,"144":2,"147":1,"154":2,"155":2,"158":1,"165":2,"166":2,"169":1,"176":2,"177":2,"180":1,"187":1,"188":1,"192":1,"193":1}},"/home/travis/build/npmtest/node-npmtest-css-purge/lib.npmtest_css_purge.js":{"path":"/home/travis/build/npmtest/node-npmtest-css-purge/lib.npmtest_css_purge.js","s":{"1":2,"2":2,"3":2,"4":2,"5":2,"6":2,"7":2,"8":1,"9":2,"10":2,"11":2,"12":2,"13":1,"14":1,"15":1,"16":1},"b":{"1":[2,1,1,1],"2":[1,1,1,1],"3":[1,1],"4":[2,2],"5":[1,1]},"f":{"1":2,"2":2,"3":2},"fnMap":{"1":{"name":"(anonymous_1)","line":12,"loc":{"start":{"line":12,"column":1},"end":{"line":12,"column":13}}},"2":{"name":"(anonymous_2)","line":19,"loc":{"start":{"line":19,"column":5},"end":{"line":19,"column":17}}},"3":{"name":"(anonymous_3)","line":23,"loc":{"start":{"line":23,"column":24},"end":{"line":23,"column":36}}}},"statementMap":{"1":{"start":{"line":12,"column":0},"end":{"line":53,"column":5}},"2":{"start":{"line":14,"column":4},"end":{"line":14,"column":14}},"3":{"start":{"line":19,"column":4},"end":{"line":52,"column":9}},"4":{"start":{"line":21,"column":8},"end":{"line":21,"column":19}},"5":{"start":{"line":23,"column":8},"end":{"line":35,"column":13}},"6":{"start":{"line":24,"column":12},"end":{"line":34,"column":13}},"7":{"start":{"line":25,"column":16},"end":{"line":28,"column":30}},"8":{"start":{"line":30,"column":16},"end":{"line":33,"column":27}},"9":{"start":{"line":37,"column":8},"end":{"line":39,"column":21}},"10":{"start":{"line":41,"column":8},"end":{"line":41,"column":54}},"11":{"start":{"line":43,"column":8},"end":{"line":43,"column":54}},"12":{"start":{"line":45,"column":8},"end":{"line":51,"column":9}},"13":{"start":{"line":46,"column":12},"end":{"line":46,"column":60}},"14":{"start":{"line":48,"column":12},"end":{"line":48,"column":35}},"15":{"start":{"line":49,"column":12},"end":{"line":49,"column":49}},"16":{"start":{"line":50,"column":12},"end":{"line":50,"column":43}}},"branchMap":{"1":{"line":25,"type":"binary-expr","locations":[{"start":{"line":25,"column":23},"end":{"line":25,"column":62}},{"start":{"line":26,"column":20},"end":{"line":26,"column":70}},{"start":{"line":27,"column":20},"end":{"line":27,"column":71}},{"start":{"line":28,"column":20},"end":{"line":28,"column":29}}]},"2":{"line":30,"type":"binary-expr","locations":[{"start":{"line":30,"column":23},"end":{"line":30,"column":37}},{"start":{"line":31,"column":20},"end":{"line":31,"column":61}},{"start":{"line":32,"column":20},"end":{"line":32,"column":70}},{"start":{"line":33,"column":20},"end":{"line":33,"column":26}}]},"3":{"line":37,"type":"cond-expr","locations":[{"start":{"line":38,"column":14},"end":{"line":38,"column":20}},{"start":{"line":39,"column":14},"end":{"line":39,"column":20}}]},"4":{"line":41,"type":"binary-expr","locations":[{"start":{"line":41,"column":16},"end":{"line":41,"column":44}},{"start":{"line":41,"column":48},"end":{"line":41,"column":53}}]},"5":{"line":45,"type":"if","locations":[{"start":{"line":45,"column":8},"end":{"line":45,"column":8}},{"start":{"line":45,"column":8},"end":{"line":45,"column":8}}]}},"code":["/* istanbul instrument in package npmtest_css_purge */","/*jslint","    bitwise: true,","    browser: true,","    maxerr: 8,","    maxlen: 96,","    node: true,","    nomen: true,","    regexp: true,","    stupid: true","*/","(function () {","    'use strict';","    var local;","","","","    // run shared js-env code - pre-init","    (function () {","        // init local","        local = {};","        // init modeJs","        local.modeJs = (function () {","            try {","                return typeof navigator.userAgent === 'string' &&","                    typeof document.querySelector('body') === 'object' &&","                    typeof XMLHttpRequest.prototype.open === 'function' &&","                    'browser';","            } catch (errorCaughtBrowser) {","                return module.exports &&","                    typeof process.versions.node === 'string' &&","                    typeof require('http').createServer === 'function' &&","                    'node';","            }","        }());","        // init global","        local.global = local.modeJs === 'browser'","            ? window","            : global;","        // init utility2_rollup","        local = local.global.utility2_rollup || local;","        // init lib","        local.local = local.npmtest_css_purge = local;","        // init exports","        if (local.modeJs === 'browser') {","            local.global.utility2_npmtest_css_purge = local;","        } else {","            module.exports = local;","            module.exports.__dirname = __dirname;","            module.exports.module = module;","        }","    }());","}());",""],"l":{"12":2,"14":2,"19":2,"21":2,"23":2,"24":2,"25":2,"30":1,"37":2,"41":2,"43":2,"45":2,"46":1,"48":1,"49":1,"50":1}},"/home/travis/build/npmtest/node-npmtest-css-purge/example.js":{"path":"/home/travis/build/npmtest/node-npmtest-css-purge/example.js","s":{"1":2,"2":2,"3":2,"4":2,"5":2,"6":2,"7":2,"8":1,"9":2,"10":2,"11":2,"12":2,"13":1,"14":2,"15":2,"16":2,"17":2,"18":2,"19":0,"20":2,"21":1,"22":1,"23":1,"24":1,"25":1,"26":0,"27":0,"28":1,"29":1,"30":2,"31":0,"32":0,"33":0,"34":1,"35":2,"36":2,"37":3,"38":3,"39":3,"40":3,"41":0,"42":3,"43":3,"44":3,"45":1,"46":3,"47":1,"48":1,"49":1,"50":1,"51":1,"52":1,"53":1,"54":1,"55":1,"56":1,"57":0,"58":1,"59":6,"60":6,"61":1,"62":2,"63":0,"64":2,"65":1,"66":1,"67":0,"68":0,"69":0,"70":0,"71":0,"72":0,"73":0,"74":0,"75":0,"76":0,"77":0,"78":0,"79":0,"80":0,"81":0,"82":0,"83":0},"b":{"1":[2,1,1,1],"2":[1,1,1,1],"3":[1,1],"4":[2,2],"5":[1,1],"6":[1,1],"7":[2,0],"8":[2,1,1,1,1,1],"9":[0,2,0],"10":[1,1],"11":[2,1,1],"12":[1,0],"13":[0,2],"14":[2,0,0,0,0,0,0],"15":[0,3],"16":[3,0],"17":[1,1],"18":[0,1],"19":[1,2,0,2],"20":[1,0],"21":[1,1],"22":[0,0],"23":[0,0],"24":[0,0],"25":[0,0],"26":[0,0],"27":[0,0],"28":[0,0]},"f":{"1":2,"2":2,"3":2,"4":2,"5":2,"6":2,"7":3,"8":3,"9":3,"10":1,"11":6,"12":0},"fnMap":{"1":{"name":"(anonymous_1)","line":26,"loc":{"start":{"line":26,"column":1},"end":{"line":26,"column":13}}},"2":{"name":"(anonymous_2)","line":33,"loc":{"start":{"line":33,"column":5},"end":{"line":33,"column":17}}},"3":{"name":"(anonymous_3)","line":37,"loc":{"start":{"line":37,"column":24},"end":{"line":37,"column":36}}},"4":{"name":"(anonymous_4)","line":69,"loc":{"start":{"line":69,"column":31},"end":{"line":69,"column":48}},"skip":true},"5":{"name":"(anonymous_5)","line":78,"loc":{"start":{"line":78,"column":26},"end":{"line":78,"column":45}},"skip":true},"6":{"name":"(anonymous_6)","line":123,"loc":{"start":{"line":123,"column":33},"end":{"line":123,"column":48}},"skip":true},"7":{"name":"(anonymous_7)","line":125,"loc":{"start":{"line":125,"column":27},"end":{"line":125,"column":39}},"skip":true},"8":{"name":"(anonymous_8)","line":133,"loc":{"start":{"line":133,"column":59},"end":{"line":133,"column":74}},"skip":true},"9":{"name":"(anonymous_9)","line":143,"loc":{"start":{"line":143,"column":45},"end":{"line":143,"column":62}},"skip":true},"10":{"name":"(anonymous_10)","line":144,"loc":{"start":{"line":144,"column":73},"end":{"line":144,"column":92}},"skip":true},"11":{"name":"(anonymous_11)","line":272,"loc":{"start":{"line":272,"column":51},"end":{"line":272,"column":77}},"skip":true},"12":{"name":"(anonymous_12)","line":315,"loc":{"start":{"line":315,"column":32},"end":{"line":315,"column":61}},"skip":true}},"statementMap":{"1":{"start":{"line":26,"column":0},"end":{"line":326,"column":5}},"2":{"start":{"line":28,"column":4},"end":{"line":28,"column":14}},"3":{"start":{"line":33,"column":4},"end":{"line":60,"column":9}},"4":{"start":{"line":35,"column":8},"end":{"line":35,"column":19}},"5":{"start":{"line":37,"column":8},"end":{"line":49,"column":13}},"6":{"start":{"line":38,"column":12},"end":{"line":48,"column":13}},"7":{"start":{"line":39,"column":16},"end":{"line":42,"column":30}},"8":{"start":{"line":44,"column":16},"end":{"line":47,"column":27}},"9":{"start":{"line":51,"column":8},"end":{"line":53,"column":21}},"10":{"start":{"line":55,"column":8},"end":{"line":57,"column":45}},"11":{"start":{"line":59,"column":8},"end":{"line":59,"column":35}},"12":{"start":{"line":61,"column":4},"end":{"line":325,"column":5}},"13":{"start":{"line":69,"column":8},"end":{"line":121,"column":10},"skip":true},"14":{"start":{"line":70,"column":12},"end":{"line":88,"column":13},"skip":true},"15":{"start":{"line":76,"column":16},"end":{"line":87,"column":19},"skip":true},"16":{"start":{"line":79,"column":20},"end":{"line":86,"column":21},"skip":true},"17":{"start":{"line":82,"column":24},"end":{"line":82,"column":43},"skip":true},"18":{"start":{"line":83,"column":24},"end":{"line":83,"column":30},"skip":true},"19":{"start":{"line":85,"column":24},"end":{"line":85,"column":49},"skip":true},"20":{"start":{"line":89,"column":12},"end":{"line":107,"column":13},"skip":true},"21":{"start":{"line":92,"column":16},"end":{"line":102,"column":17},"skip":true},"22":{"start":{"line":93,"column":20},"end":{"line":93,"column":86},"skip":true},"23":{"start":{"line":94,"column":20},"end":{"line":95,"column":45},"skip":true},"24":{"start":{"line":96,"column":20},"end":{"line":96,"column":42},"skip":true},"25":{"start":{"line":97,"column":20},"end":{"line":97,"column":48},"skip":true},"26":{"start":{"line":100,"column":20},"end":{"line":100,"column":85},"skip":true},"27":{"start":{"line":101,"column":20},"end":{"line":101,"column":96},"skip":true},"28":{"start":{"line":103,"column":16},"end":{"line":103,"column":22},"skip":true},"29":{"start":{"line":106,"column":16},"end":{"line":106,"column":22},"skip":true},"30":{"start":{"line":108,"column":12},"end":{"line":120,"column":13},"skip":true},"31":{"start":{"line":114,"column":16},"end":{"line":119,"column":17},"skip":true},"32":{"start":{"line":116,"column":20},"end":{"line":116,"column":78},"skip":true},"33":{"start":{"line":118,"column":20},"end":{"line":118,"column":47},"skip":true},"34":{"start":{"line":123,"column":8},"end":{"line":141,"column":11},"skip":true},"35":{"start":{"line":124,"column":12},"end":{"line":124,"column":54},"skip":true},"36":{"start":{"line":125,"column":12},"end":{"line":140,"column":14},"skip":true},"37":{"start":{"line":126,"column":16},"end":{"line":126,"column":28},"skip":true},"38":{"start":{"line":127,"column":16},"end":{"line":127,"column":69},"skip":true},"39":{"start":{"line":128,"column":16},"end":{"line":128,"column":75},"skip":true},"40":{"start":{"line":129,"column":16},"end":{"line":131,"column":17},"skip":true},"41":{"start":{"line":130,"column":20},"end":{"line":130,"column":27},"skip":true},"42":{"start":{"line":133,"column":16},"end":{"line":137,"column":36},"skip":true},"43":{"start":{"line":134,"column":20},"end":{"line":136,"column":55},"skip":true},"44":{"start":{"line":139,"column":16},"end":{"line":139,"column":57},"skip":true},"45":{"start":{"line":143,"column":8},"end":{"line":147,"column":11},"skip":true},"46":{"start":{"line":144,"column":12},"end":{"line":146,"column":15},"skip":true},"47":{"start":{"line":145,"column":16},"end":{"line":145,"column":70},"skip":true},"48":{"start":{"line":149,"column":8},"end":{"line":149,"column":31},"skip":true},"49":{"start":{"line":150,"column":8},"end":{"line":150,"column":14},"skip":true},"50":{"start":{"line":158,"column":8},"end":{"line":158,"column":31},"skip":true},"51":{"start":{"line":160,"column":8},"end":{"line":160,"column":33},"skip":true},"52":{"start":{"line":161,"column":8},"end":{"line":161,"column":37},"skip":true},"53":{"start":{"line":162,"column":8},"end":{"line":162,"column":35},"skip":true},"54":{"start":{"line":164,"column":8},"end":{"line":164,"column":50},"skip":true},"55":{"start":{"line":166,"column":8},"end":{"line":256,"column":2},"skip":true},"56":{"start":{"line":258,"column":8},"end":{"line":286,"column":9},"skip":true},"57":{"start":{"line":259,"column":12},"end":{"line":269,"column":14},"skip":true},"58":{"start":{"line":271,"column":12},"end":{"line":285,"column":19},"skip":true},"59":{"start":{"line":274,"column":20},"end":{"line":274,"column":35},"skip":true},"60":{"start":{"line":275,"column":20},"end":{"line":284,"column":21},"skip":true},"61":{"start":{"line":277,"column":24},"end":{"line":277,"column":64},"skip":true},"62":{"start":{"line":279,"column":24},"end":{"line":279,"column":40},"skip":true},"63":{"start":{"line":281,"column":24},"end":{"line":281,"column":40},"skip":true},"64":{"start":{"line":283,"column":24},"end":{"line":283,"column":39},"skip":true},"65":{"start":{"line":288,"column":8},"end":{"line":290,"column":9},"skip":true},"66":{"start":{"line":289,"column":12},"end":{"line":289,"column":18},"skip":true},"67":{"start":{"line":291,"column":8},"end":{"line":293,"column":54},"skip":true},"68":{"start":{"line":296,"column":8},"end":{"line":301,"column":37},"skip":true},"69":{"start":{"line":303,"column":8},"end":{"line":303,"column":82},"skip":true},"70":{"start":{"line":306,"column":8},"end":{"line":308,"column":9},"skip":true},"71":{"start":{"line":307,"column":12},"end":{"line":307,"column":82},"skip":true},"72":{"start":{"line":310,"column":8},"end":{"line":312,"column":9},"skip":true},"73":{"start":{"line":311,"column":12},"end":{"line":311,"column":18},"skip":true},"74":{"start":{"line":313,"column":8},"end":{"line":313,"column":54},"skip":true},"75":{"start":{"line":314,"column":8},"end":{"line":314,"column":69},"skip":true},"76":{"start":{"line":315,"column":8},"end":{"line":323,"column":36},"skip":true},"77":{"start":{"line":316,"column":12},"end":{"line":316,"column":61},"skip":true},"78":{"start":{"line":317,"column":12},"end":{"line":320,"column":13},"skip":true},"79":{"start":{"line":318,"column":16},"end":{"line":318,"column":75},"skip":true},"80":{"start":{"line":319,"column":16},"end":{"line":319,"column":23},"skip":true},"81":{"start":{"line":321,"column":12},"end":{"line":321,"column":38},"skip":true},"82":{"start":{"line":322,"column":12},"end":{"line":322,"column":27},"skip":true},"83":{"start":{"line":324,"column":8},"end":{"line":324,"column":14},"skip":true}},"branchMap":{"1":{"line":39,"type":"binary-expr","locations":[{"start":{"line":39,"column":23},"end":{"line":39,"column":62}},{"start":{"line":40,"column":20},"end":{"line":40,"column":70}},{"start":{"line":41,"column":20},"end":{"line":41,"column":71}},{"start":{"line":42,"column":20},"end":{"line":42,"column":29}}]},"2":{"line":44,"type":"binary-expr","locations":[{"start":{"line":44,"column":23},"end":{"line":44,"column":37}},{"start":{"line":45,"column":20},"end":{"line":45,"column":61}},{"start":{"line":46,"column":20},"end":{"line":46,"column":70}},{"start":{"line":47,"column":20},"end":{"line":47,"column":26}}]},"3":{"line":51,"type":"cond-expr","locations":[{"start":{"line":52,"column":14},"end":{"line":52,"column":20}},{"start":{"line":53,"column":14},"end":{"line":53,"column":20}}]},"4":{"line":55,"type":"binary-expr","locations":[{"start":{"line":55,"column":16},"end":{"line":55,"column":44}},{"start":{"line":55,"column":49},"end":{"line":57,"column":43}}]},"5":{"line":55,"type":"cond-expr","locations":[{"start":{"line":56,"column":14},"end":{"line":56,"column":53}},{"start":{"line":57,"column":14},"end":{"line":57,"column":43}}]},"6":{"line":61,"type":"switch","locations":[{"start":{"line":68,"column":4},"end":{"line":150,"column":14},"skip":true},{"start":{"line":156,"column":4},"end":{"line":324,"column":14},"skip":true}]},"7":{"line":70,"type":"if","locations":[{"start":{"line":70,"column":12},"end":{"line":70,"column":12},"skip":true},{"start":{"line":70,"column":12},"end":{"line":70,"column":12},"skip":true}]},"8":{"line":70,"type":"binary-expr","locations":[{"start":{"line":70,"column":16},"end":{"line":70,"column":22},"skip":true},{"start":{"line":70,"column":27},"end":{"line":70,"column":32},"skip":true},{"start":{"line":71,"column":20},"end":{"line":71,"column":39},"skip":true},{"start":{"line":72,"column":20},"end":{"line":72,"column":49},"skip":true},{"start":{"line":73,"column":20},"end":{"line":73,"column":58},"skip":true},{"start":{"line":74,"column":20},"end":{"line":74,"column":69},"skip":true}]},"9":{"line":79,"type":"switch","locations":[{"start":{"line":80,"column":20},"end":{"line":80,"column":33},"skip":true},{"start":{"line":81,"column":20},"end":{"line":83,"column":30},"skip":true},{"start":{"line":84,"column":20},"end":{"line":85,"column":49},"skip":true}]},"10":{"line":89,"type":"switch","locations":[{"start":{"line":90,"column":12},"end":{"line":103,"column":22},"skip":true},{"start":{"line":105,"column":12},"end":{"line":106,"column":22},"skip":true}]},"11":{"line":89,"type":"binary-expr","locations":[{"start":{"line":89,"column":20},"end":{"line":89,"column":25},"skip":true},{"start":{"line":89,"column":29},"end":{"line":89,"column":48},"skip":true},{"start":{"line":89,"column":52},"end":{"line":89,"column":74},"skip":true}]},"12":{"line":92,"type":"if","locations":[{"start":{"line":92,"column":16},"end":{"line":92,"column":16},"skip":true},{"start":{"line":92,"column":16},"end":{"line":92,"column":16},"skip":true}]},"13":{"line":108,"type":"if","locations":[{"start":{"line":108,"column":12},"end":{"line":108,"column":12},"skip":true},{"start":{"line":108,"column":12},"end":{"line":108,"column":12},"skip":true}]},"14":{"line":108,"type":"binary-expr","locations":[{"start":{"line":108,"column":16},"end":{"line":108,"column":61},"skip":true},{"start":{"line":108,"column":66},"end":{"line":108,"column":72},"skip":true},{"start":{"line":108,"column":77},"end":{"line":108,"column":82},"skip":true},{"start":{"line":109,"column":20},"end":{"line":109,"column":39},"skip":true},{"start":{"line":110,"column":20},"end":{"line":110,"column":49},"skip":true},{"start":{"line":111,"column":20},"end":{"line":111,"column":58},"skip":true},{"start":{"line":112,"column":20},"end":{"line":112,"column":68},"skip":true}]},"15":{"line":129,"type":"if","locations":[{"start":{"line":129,"column":16},"end":{"line":129,"column":16},"skip":true},{"start":{"line":129,"column":16},"end":{"line":129,"column":16},"skip":true}]},"16":{"line":134,"type":"cond-expr","locations":[{"start":{"line":135,"column":26},"end":{"line":135,"column":29},"skip":true},{"start":{"line":136,"column":26},"end":{"line":136,"column":54},"skip":true}]},"17":{"line":164,"type":"binary-expr","locations":[{"start":{"line":164,"column":27},"end":{"line":164,"column":43},"skip":true},{"start":{"line":164,"column":47},"end":{"line":164,"column":49},"skip":true}]},"18":{"line":258,"type":"if","locations":[{"start":{"line":258,"column":8},"end":{"line":258,"column":8},"skip":true},{"start":{"line":258,"column":8},"end":{"line":258,"column":8},"skip":true}]},"19":{"line":275,"type":"switch","locations":[{"start":{"line":276,"column":20},"end":{"line":277,"column":64},"skip":true},{"start":{"line":278,"column":20},"end":{"line":279,"column":40},"skip":true},{"start":{"line":280,"column":20},"end":{"line":281,"column":40},"skip":true},{"start":{"line":282,"column":20},"end":{"line":283,"column":39},"skip":true}]},"20":{"line":288,"type":"if","locations":[{"start":{"line":288,"column":8},"end":{"line":288,"column":8},"skip":true},{"start":{"line":288,"column":8},"end":{"line":288,"column":8},"skip":true}]},"21":{"line":288,"type":"binary-expr","locations":[{"start":{"line":288,"column":12},"end":{"line":288,"column":40},"skip":true},{"start":{"line":288,"column":44},"end":{"line":288,"column":67},"skip":true}]},"22":{"line":292,"type":"binary-expr","locations":[{"start":{"line":292,"column":12},"end":{"line":292,"column":50},"skip":true},{"start":{"line":293,"column":12},"end":{"line":293,"column":53},"skip":true}]},"23":{"line":297,"type":"binary-expr","locations":[{"start":{"line":297,"column":12},"end":{"line":297,"column":67},"skip":true},{"start":{"line":298,"column":12},"end":{"line":301,"column":36},"skip":true}]},"24":{"line":303,"type":"binary-expr","locations":[{"start":{"line":303,"column":43},"end":{"line":303,"column":75},"skip":true},{"start":{"line":303,"column":79},"end":{"line":303,"column":81},"skip":true}]},"25":{"line":306,"type":"if","locations":[{"start":{"line":306,"column":8},"end":{"line":306,"column":8},"skip":true},{"start":{"line":306,"column":8},"end":{"line":306,"column":8},"skip":true}]},"26":{"line":310,"type":"if","locations":[{"start":{"line":310,"column":8},"end":{"line":310,"column":8},"skip":true},{"start":{"line":310,"column":8},"end":{"line":310,"column":8},"skip":true}]},"27":{"line":313,"type":"binary-expr","locations":[{"start":{"line":313,"column":27},"end":{"line":313,"column":43},"skip":true},{"start":{"line":313,"column":47},"end":{"line":313,"column":53},"skip":true}]},"28":{"line":317,"type":"if","locations":[{"start":{"line":317,"column":12},"end":{"line":317,"column":12},"skip":true},{"start":{"line":317,"column":12},"end":{"line":317,"column":12},"skip":true}]}},"code":["/*","example.js","","quickstart example","","instruction","    1. save this script as example.js","    2. run the shell command:","        $ npm install npmtest-css-purge && PORT=8081 node example.js","    3. play with the browser-demo on http://127.0.0.1:8081","*/","","","","/* istanbul instrument in package npmtest_css_purge */","/*jslint","    bitwise: true,","    browser: true,","    maxerr: 8,","    maxlen: 96,","    node: true,","    nomen: true,","    regexp: true,","    stupid: true","*/","(function () {","    'use strict';","    var local;","","","","    // run shared js-env code - pre-init","    (function () {","        // init local","        local = {};","        // init modeJs","        local.modeJs = (function () {","            try {","                return typeof navigator.userAgent === 'string' &&","                    typeof document.querySelector('body') === 'object' &&","                    typeof XMLHttpRequest.prototype.open === 'function' &&","                    'browser';","            } catch (errorCaughtBrowser) {","                return module.exports &&","                    typeof process.versions.node === 'string' &&","                    typeof require('http').createServer === 'function' &&","                    'node';","            }","        }());","        // init global","        local.global = local.modeJs === 'browser'","            ? window","            : global;","        // init utility2_rollup","        local = local.global.utility2_rollup || (local.modeJs === 'browser'","            ? local.global.utility2_npmtest_css_purge","            : global.utility2_moduleExports);","        // export local","        local.global.local = local;","    }());","    switch (local.modeJs) {","","","","    // post-init","    // run browser js-env code - post-init","    /* istanbul ignore next */","    case 'browser':","        local.testRunBrowser = function (event) {","            if (!event || (event &&","                    event.currentTarget &&","                    event.currentTarget.className &&","                    event.currentTarget.className.includes &&","                    event.currentTarget.className.includes('onreset'))) {","                // reset output","                Array.from(","                    document.querySelectorAll('body > .resettable')","                ).forEach(function (element) {","                    switch (element.tagName) {","                    case 'INPUT':","                    case 'TEXTAREA':","                        element.value = '';","                        break;","                    default:","                        element.textContent = '';","                    }","                });","            }","            switch (event && event.currentTarget && event.currentTarget.id) {","            case 'testRunButton1':","                // show tests","                if (document.querySelector('#testReportDiv1').style.display === 'none') {","                    document.querySelector('#testReportDiv1').style.display = 'block';","                    document.querySelector('#testRunButton1').textContent =","                        'hide internal test';","                    local.modeTest = true;","                    local.testRunDefault(local);","                // hide tests","                } else {","                    document.querySelector('#testReportDiv1').style.display = 'none';","                    document.querySelector('#testRunButton1').textContent = 'run internal test';","                }","                break;","            // custom-case","            default:","                break;","            }","            if (document.querySelector('#inputTextareaEval1') && (!event || (event &&","                    event.currentTarget &&","                    event.currentTarget.className &&","                    event.currentTarget.className.includes &&","                    event.currentTarget.className.includes('oneval')))) {","                // try to eval input-code","                try {","                    /*jslint evil: true*/","                    eval(document.querySelector('#inputTextareaEval1').value);","                } catch (errorCaught) {","                    console.error(errorCaught);","                }","            }","        };","        // log stderr and stdout to #outputTextareaStdout1","        ['error', 'log'].forEach(function (key) {","            console[key + '_original'] = console[key];","            console[key] = function () {","                var element;","                console[key + '_original'].apply(console, arguments);","                element = document.querySelector('#outputTextareaStdout1');","                if (!element) {","                    return;","                }","                // append text to #outputTextareaStdout1","                element.value += Array.from(arguments).map(function (arg) {","                    return typeof arg === 'string'","                        ? arg","                        : JSON.stringify(arg, null, 4);","                }).join(' ') + '\\n';","                // scroll textarea to bottom","                element.scrollTop = element.scrollHeight;","            };","        });","        // init event-handling","        ['change', 'click', 'keyup'].forEach(function (event) {","            Array.from(document.querySelectorAll('.on' + event)).forEach(function (element) {","                element.addEventListener(event, local.testRunBrowser);","            });","        });","        // run tests","        local.testRunBrowser();","        break;","","","","    // run node js-env code - post-init","    /* istanbul ignore next */","    case 'node':","        // export local","        module.exports = local;","        // require modules","        local.fs = require('fs');","        local.http = require('http');","        local.url = require('url');","        // init assets","        local.assetsDict = local.assetsDict || {};","        /* jslint-ignore-begin */","        local.assetsDict['/assets.index.template.html'] = '\\","<!doctype html>\\n\\","<html lang=\"en\">\\n\\","<head>\\n\\","<meta charset=\"UTF-8\">\\n\\","<meta name=\"viewport\" content=\"width=device-width, initial-scale=1\">\\n\\","<title>{{env.npm_package_name}} (v{{env.npm_package_version}})</title>\\n\\","<style>\\n\\","/*csslint\\n\\","    box-sizing: false,\\n\\","    universal-selector: false\\n\\","*/\\n\\","* {\\n\\","    box-sizing: border-box;\\n\\","}\\n\\","body {\\n\\","    background: #dde;\\n\\","    font-family: Arial, Helvetica, sans-serif;\\n\\","    margin: 2rem;\\n\\","}\\n\\","body > * {\\n\\","    margin-bottom: 1rem;\\n\\","}\\n\\",".utility2FooterDiv {\\n\\","    margin-top: 20px;\\n\\","    text-align: center;\\n\\","}\\n\\","</style>\\n\\","<style>\\n\\","/*csslint\\n\\","*/\\n\\","textarea {\\n\\","    font-family: monospace;\\n\\","    height: 10rem;\\n\\","    width: 100%;\\n\\","}\\n\\","textarea[readonly] {\\n\\","    background: #ddd;\\n\\","}\\n\\","</style>\\n\\","</head>\\n\\","<body>\\n\\","<!-- utility2-comment\\n\\","<div id=\"ajaxProgressDiv1\" style=\"background: #d00; height: 2px; left: 0; margin: 0; padding: 0; position: fixed; top: 0; transition: background 0.5s, width 1.5s; width: 25%;\"></div>\\n\\","utility2-comment -->\\n\\","<h1>\\n\\","<!-- utility2-comment\\n\\","    <a\\n\\","        {{#if env.npm_package_homepage}}\\n\\","        href=\"{{env.npm_package_homepage}}\"\\n\\","        {{/if env.npm_package_homepage}}\\n\\","        target=\"_blank\"\\n\\","    >\\n\\","utility2-comment -->\\n\\","        {{env.npm_package_name}} (v{{env.npm_package_version}})\\n\\","<!-- utility2-comment\\n\\","    </a>\\n\\","utility2-comment -->\\n\\","</h1>\\n\\","<h3>{{env.npm_package_description}}</h3>\\n\\","<!-- utility2-comment\\n\\","<h4><a download href=\"assets.app.js\">download standalone app</a></h4>\\n\\","<button class=\"onclick onreset\" id=\"testRunButton1\">run internal test</button><br>\\n\\","<div id=\"testReportDiv1\" style=\"display: none;\"></div>\\n\\","utility2-comment -->\\n\\","\\n\\","\\n\\","\\n\\","<label>stderr and stdout</label>\\n\\","<textarea class=\"resettable\" id=\"outputTextareaStdout1\" readonly></textarea>\\n\\","<!-- utility2-comment\\n\\","{{#if isRollup}}\\n\\","<script src=\"assets.app.js\"></script>\\n\\","{{#unless isRollup}}\\n\\","utility2-comment -->\\n\\","<script src=\"assets.utility2.rollup.js\"></script>\\n\\","<script src=\"jsonp.utility2._stateInit?callback=window.utility2._stateInit\"></script>\\n\\","<script src=\"assets.npmtest_css_purge.rollup.js\"></script>\\n\\","<script src=\"assets.example.js\"></script>\\n\\","<script src=\"assets.test.js\"></script>\\n\\","<!-- utility2-comment\\n\\","{{/if isRollup}}\\n\\","utility2-comment -->\\n\\","<div class=\"utility2FooterDiv\">\\n\\","    [ this app was created with\\n\\","    <a href=\"https://github.com/kaizhu256/node-utility2\" target=\"_blank\">utility2</a>\\n\\","    ]\\n\\","</div>\\n\\","</body>\\n\\","</html>\\n\\","';","        /* jslint-ignore-end */","        if (local.templateRender) {","            local.assetsDict['/'] = local.templateRender(","                local.assetsDict['/assets.index.template.html'],","                {","                    env: local.objectSetDefault(local.env, {","                        npm_package_description: 'the greatest app in the world!',","                        npm_package_name: 'my-app',","                        npm_package_nameAlias: 'my_app',","                        npm_package_version: '0.0.1'","                    })","                }","            );","        } else {","            local.assetsDict['/'] = local.assetsDict['/assets.index.template.html']","                .replace((/\\{\\{env\\.(\\w+?)\\}\\}/g), function (match0, match1) {","                    // jslint-hack","                    String(match0);","                    switch (match1) {","                    case 'npm_package_description':","                        return 'the greatest app in the world!';","                    case 'npm_package_name':","                        return 'my-app';","                    case 'npm_package_nameAlias':","                        return 'my_app';","                    case 'npm_package_version':","                        return '0.0.1';","                    }","                });","        }","        // run the cli","        if (local.global.utility2_rollup || module !== require.main) {","            break;","        }","        local.assetsDict['/assets.example.js'] =","            local.assetsDict['/assets.example.js'] ||","            local.fs.readFileSync(__filename, 'utf8');","        // bug-workaround - long $npm_package_buildCustomOrg","        /* jslint-ignore-begin */","        local.assetsDict['/assets.npmtest_css_purge.rollup.js'] =","            local.assetsDict['/assets.npmtest_css_purge.rollup.js'] ||","            local.fs.readFileSync(","                local.npmtest_css_purge.__dirname + '/lib.npmtest_css_purge.js',","                'utf8'","            ).replace((/^#!/), '//');","        /* jslint-ignore-end */","        local.assetsDict['/favicon.ico'] = local.assetsDict['/favicon.ico'] || '';","        // if $npm_config_timeout_exit exists,","        // then exit this process after $npm_config_timeout_exit ms","        if (Number(process.env.npm_config_timeout_exit)) {","            setTimeout(process.exit, Number(process.env.npm_config_timeout_exit));","        }","        // start server","        if (local.global.utility2_serverHttp1) {","            break;","        }","        process.env.PORT = process.env.PORT || '8081';","        console.error('server starting on port ' + process.env.PORT);","        local.http.createServer(function (request, response) {","            request.urlParsed = local.url.parse(request.url);","            if (local.assetsDict[request.urlParsed.pathname] !== undefined) {","                response.end(local.assetsDict[request.urlParsed.pathname]);","                return;","            }","            response.statusCode = 404;","            response.end();","        }).listen(process.env.PORT);","        break;","    }","}());",""],"l":{"26":2,"28":2,"33":2,"35":2,"37":2,"38":2,"39":2,"44":1,"51":2,"55":2,"59":2,"61":2,"69":1,"70":2,"76":2,"79":2,"82":2,"83":2,"85":1,"89":2,"92":1,"93":1,"94":1,"96":1,"97":1,"100":1,"101":1,"103":1,"106":1,"108":2,"114":1,"116":1,"118":1,"123":1,"124":2,"125":2,"126":3,"127":3,"128":3,"129":3,"130":1,"133":3,"134":3,"139":3,"143":1,"144":3,"145":1,"149":1,"150":1,"158":1,"160":1,"161":1,"162":1,"164":1,"166":1,"258":1,"259":1,"271":1,"274":6,"275":6,"277":1,"279":2,"281":1,"283":2,"288":1,"289":1,"291":1,"296":1,"303":1,"306":1,"307":1,"310":1,"311":1,"313":1,"314":1,"315":1,"316":1,"317":1,"318":1,"319":1,"321":1,"322":1,"324":1}},"/home/travis/build/npmtest/node-npmtest-css-purge/node_modules/css-purge/index.js":{"path":"/home/travis/build/npmtest/node-npmtest-css-purge/node_modules/css-purge/index.js","s":{"1":2},"b":{},"f":{},"fnMap":{},"statementMap":{"1":{"start":{"line":2,"column":0},"end":{"line":2,"column":44}}},"branchMap":{},"code":["","module.exports = require('./lib/css_purge');"],"l":{"2":2}},"/home/travis/build/npmtest/node-npmtest-css-purge/node_modules/css-purge/lib/css-purge.js":{"path":"/home/travis/build/npmtest/node-npmtest-css-purge/node_modules/css-purge/lib/css-purge.js","s":{"1":1,"2":1,"3":1,"4":1,"5":1,"6":1,"7":0,"8":0,"9":0,"10":0,"11":0,"12":0,"13":0,"14":0,"15":0,"16":0,"17":0,"18":0,"19":0,"20":0,"21":0,"22":0,"23":0,"24":0,"25":0,"26":0,"27":0,"28":0,"29":0,"30":0,"31":0,"32":0,"33":0,"34":0,"35":0,"36":0,"37":0,"38":0,"39":0,"40":0,"41":0,"42":0,"43":0,"44":0,"45":0,"46":0,"47":0,"48":0,"49":0,"50":0,"51":0,"52":0,"53":0,"54":0,"55":0,"56":0,"57":0,"58":0,"59":0,"60":0,"61":0,"62":0,"63":0,"64":0,"65":0,"66":0,"67":0,"68":0,"69":0,"70":0,"71":0,"72":0,"73":0,"74":0,"75":0,"76":0,"77":0,"78":0,"79":0,"80":0,"81":0,"82":0,"83":0,"84":0,"85":1,"86":0,"87":0,"88":0,"89":0,"90":0,"91":0,"92":0,"93":0,"94":0,"95":0,"96":0,"97":0,"98":0,"99":0,"100":0,"101":0,"102":0,"103":0,"104":0,"105":0,"106":0,"107":0,"108":0,"109":0,"110":0,"111":0,"112":0,"113":1,"114":0,"115":0,"116":0,"117":0,"118":0,"119":0,"120":0,"121":0,"122":0,"123":0,"124":0,"125":0,"126":0,"127":0,"128":0,"129":0,"130":0,"131":0,"132":0,"133":0,"134":0,"135":0,"136":0,"137":1,"138":0,"139":0,"140":0,"141":0,"142":0,"143":0,"144":0,"145":0,"146":0,"147":0,"148":0,"149":0,"150":0,"151":0,"152":0,"153":0,"154":0,"155":0,"156":0,"157":0,"158":0,"159":0,"160":0,"161":0,"162":0,"163":0,"164":0,"165":0,"166":0,"167":0,"168":0,"169":0,"170":0,"171":0,"172":0,"173":0,"174":0,"175":0,"176":0,"177":0,"178":0,"179":0,"180":0,"181":0,"182":0,"183":0,"184":0,"185":0,"186":0,"187":0,"188":0,"189":0,"190":0,"191":0,"192":0,"193":0,"194":0,"195":0,"196":0,"197":0,"198":0,"199":0,"200":0,"201":0,"202":0,"203":0,"204":0,"205":1,"206":0,"207":0,"208":0,"209":0,"210":0,"211":0,"212":0,"213":0,"214":0,"215":0,"216":0,"217":0,"218":0,"219":0,"220":0,"221":0,"222":0,"223":0,"224":0,"225":0,"226":0,"227":0,"228":0,"229":0,"230":0,"231":0,"232":0,"233":0,"234":0,"235":0,"236":0,"237":0,"238":1,"239":0,"240":0,"241":0,"242":0,"243":0,"244":0,"245":0,"246":1},"b":{"1":[0,0],"2":[0,0],"3":[0,0],"4":[0,0],"5":[0,0],"6":[0,0],"7":[0,0],"8":[0,0],"9":[0,0],"10":[0,0],"11":[0,0],"12":[0,0],"13":[0,0],"14":[0,0],"15":[0,0],"16":[0,0],"17":[0,0],"18":[0,0],"19":[0,0],"20":[0,0],"21":[0,0],"22":[0,0],"23":[0,0],"24":[0,0],"25":[0,0],"26":[0,0],"27":[0,0],"28":[0,0],"29":[0,0],"30":[0,0],"31":[0],"32":[0,0],"33":[0,0],"34":[0,0],"35":[0,0],"36":[0,0],"37":[0,0],"38":[0,0,0,0],"39":[0,0],"40":[0,0],"41":[0,0],"42":[0,0],"43":[0,0],"44":[0,0],"45":[0,0],"46":[0,0],"47":[0,0,0,0],"48":[0,0],"49":[0,0],"50":[0,0],"51":[0,0],"52":[0,0],"53":[0,0],"54":[0,0],"55":[0,0],"56":[0,0],"57":[0,0],"58":[0,0],"59":[0,0,0],"60":[0,0],"61":[0,0],"62":[0,0],"63":[0,0],"64":[0,0],"65":[0,0],"66":[0,0],"67":[0,0],"68":[0,0],"69":[0,0],"70":[0,0],"71":[0,0],"72":[0,0],"73":[0,0]},"f":{"1":0,"2":0,"3":0,"4":0,"5":0,"6":0,"7":0,"8":0,"9":0,"10":0,"11":0},"fnMap":{"1":{"name":"CSSPurge","line":20,"loc":{"start":{"line":20,"column":0},"end":{"line":20,"column":58}}},"2":{"name":"output_css","line":207,"loc":{"start":{"line":207,"column":0},"end":{"line":207,"column":27}}},"3":{"name":"(anonymous_3)","line":218,"loc":{"start":{"line":218,"column":15},"end":{"line":218,"column":29}}},"4":{"name":"(anonymous_4)","line":239,"loc":{"start":{"line":239,"column":26},"end":{"line":239,"column":40}}},"5":{"name":"(anonymous_5)","line":253,"loc":{"start":{"line":253,"column":22},"end":{"line":253,"column":36}}},"6":{"name":"(anonymous_6)","line":271,"loc":{"start":{"line":271,"column":22},"end":{"line":271,"column":36}}},"7":{"name":"_get_rule","line":290,"loc":{"start":{"line":290,"column":0},"end":{"line":290,"column":37}}},"8":{"name":"(anonymous_8)","line":316,"loc":{"start":{"line":316,"column":28},"end":{"line":316,"column":49}}},"9":{"name":"get_duplicates","line":345,"loc":{"start":{"line":345,"column":0},"end":{"line":345,"column":40}}},"10":{"name":"copy_properties","line":495,"loc":{"start":{"line":495,"column":0},"end":{"line":495,"column":47}}},"11":{"name":"remove_duplicates","line":593,"loc":{"start":{"line":593,"column":0},"end":{"line":593,"column":49}}}},"statementMap":{"1":{"start":{"line":1,"column":0},"end":{"line":5,"column":26}},"2":{"start":{"line":7,"column":0},"end":{"line":12,"column":29}},"3":{"start":{"line":14,"column":0},"end":{"line":14,"column":20}},"4":{"start":{"line":15,"column":0},"end":{"line":15,"column":21}},"5":{"start":{"line":17,"column":0},"end":{"line":18,"column":34}},"6":{"start":{"line":20,"column":0},"end":{"line":205,"column":1}},"7":{"start":{"line":22,"column":1},"end":{"line":22,"column":28}},"8":{"start":{"line":23,"column":1},"end":{"line":23,"column":30}},"9":{"start":{"line":24,"column":1},"end":{"line":24,"column":30}},"10":{"start":{"line":25,"column":1},"end":{"line":25,"column":58}},"11":{"start":{"line":27,"column":1},"end":{"line":204,"column":2}},"12":{"start":{"line":28,"column":2},"end":{"line":28,"column":37}},"13":{"start":{"line":30,"column":2},"end":{"line":32,"column":39}},"14":{"start":{"line":34,"column":2},"end":{"line":35,"column":27}},"15":{"start":{"line":37,"column":2},"end":{"line":37,"column":84}},"16":{"start":{"line":39,"column":2},"end":{"line":39,"column":12}},"17":{"start":{"line":47,"column":3},"end":{"line":50,"column":4}},"18":{"start":{"line":48,"column":4},"end":{"line":48,"column":45}},"19":{"start":{"line":49,"column":4},"end":{"line":49,"column":57}},"20":{"start":{"line":51,"column":3},"end":{"line":51,"column":61}},"21":{"start":{"line":53,"column":3},"end":{"line":87,"column":4}},"22":{"start":{"line":56,"column":4},"end":{"line":63,"column":5}},"23":{"start":{"line":57,"column":5},"end":{"line":60,"column":6}},"24":{"start":{"line":58,"column":6},"end":{"line":58,"column":47}},"25":{"start":{"line":59,"column":6},"end":{"line":59,"column":60}},"26":{"start":{"line":62,"column":5},"end":{"line":62,"column":91}},"27":{"start":{"line":66,"column":4},"end":{"line":74,"column":5}},"28":{"start":{"line":67,"column":5},"end":{"line":70,"column":6}},"29":{"start":{"line":68,"column":6},"end":{"line":68,"column":47}},"30":{"start":{"line":69,"column":6},"end":{"line":69,"column":64}},"31":{"start":{"line":73,"column":5},"end":{"line":73,"column":103}},"32":{"start":{"line":77,"column":4},"end":{"line":85,"column":5}},"33":{"start":{"line":78,"column":5},"end":{"line":81,"column":6}},"34":{"start":{"line":79,"column":6},"end":{"line":79,"column":47}},"35":{"start":{"line":80,"column":6},"end":{"line":80,"column":63}},"36":{"start":{"line":84,"column":5},"end":{"line":84,"column":94}},"37":{"start":{"line":94,"column":3},"end":{"line":95,"column":54}},"38":{"start":{"line":96,"column":3},"end":{"line":96,"column":53}},"39":{"start":{"line":99,"column":3},"end":{"line":102,"column":4}},"40":{"start":{"line":100,"column":4},"end":{"line":100,"column":45}},"41":{"start":{"line":101,"column":4},"end":{"line":101,"column":55}},"42":{"start":{"line":103,"column":3},"end":{"line":103,"column":48}},"43":{"start":{"line":106,"column":3},"end":{"line":116,"column":4}},"44":{"start":{"line":107,"column":4},"end":{"line":110,"column":5}},"45":{"start":{"line":108,"column":5},"end":{"line":108,"column":46}},"46":{"start":{"line":109,"column":5},"end":{"line":109,"column":57}},"47":{"start":{"line":111,"column":4},"end":{"line":115,"column":5}},"48":{"start":{"line":114,"column":5},"end":{"line":114,"column":86}},"49":{"start":{"line":119,"column":3},"end":{"line":130,"column":4}},"50":{"start":{"line":121,"column":4},"end":{"line":124,"column":5}},"51":{"start":{"line":122,"column":5},"end":{"line":122,"column":46}},"52":{"start":{"line":123,"column":5},"end":{"line":123,"column":61}},"53":{"start":{"line":125,"column":4},"end":{"line":129,"column":5}},"54":{"start":{"line":128,"column":5},"end":{"line":128,"column":98}},"55":{"start":{"line":133,"column":3},"end":{"line":144,"column":4}},"56":{"start":{"line":135,"column":4},"end":{"line":138,"column":5}},"57":{"start":{"line":136,"column":5},"end":{"line":136,"column":46}},"58":{"start":{"line":137,"column":5},"end":{"line":137,"column":60}},"59":{"start":{"line":139,"column":4},"end":{"line":143,"column":5}},"60":{"start":{"line":142,"column":5},"end":{"line":142,"column":92}},"61":{"start":{"line":150,"column":3},"end":{"line":161,"column":4}},"62":{"start":{"line":151,"column":4},"end":{"line":154,"column":5}},"63":{"start":{"line":152,"column":5},"end":{"line":152,"column":46}},"64":{"start":{"line":153,"column":5},"end":{"line":153,"column":58}},"65":{"start":{"line":155,"column":4},"end":{"line":160,"column":5}},"66":{"start":{"line":159,"column":5},"end":{"line":159,"column":88}},"67":{"start":{"line":164,"column":3},"end":{"line":174,"column":4}},"68":{"start":{"line":165,"column":4},"end":{"line":168,"column":5}},"69":{"start":{"line":166,"column":5},"end":{"line":166,"column":46}},"70":{"start":{"line":167,"column":5},"end":{"line":167,"column":62}},"71":{"start":{"line":169,"column":4},"end":{"line":173,"column":5}},"72":{"start":{"line":172,"column":5},"end":{"line":172,"column":100}},"73":{"start":{"line":177,"column":3},"end":{"line":187,"column":4}},"74":{"start":{"line":178,"column":4},"end":{"line":181,"column":5}},"75":{"start":{"line":179,"column":5},"end":{"line":179,"column":46}},"76":{"start":{"line":180,"column":5},"end":{"line":180,"column":61}},"77":{"start":{"line":182,"column":4},"end":{"line":186,"column":5}},"78":{"start":{"line":185,"column":5},"end":{"line":185,"column":94}},"79":{"start":{"line":190,"column":3},"end":{"line":193,"column":4}},"80":{"start":{"line":191,"column":4},"end":{"line":191,"column":45}},"81":{"start":{"line":192,"column":4},"end":{"line":192,"column":56}},"82":{"start":{"line":194,"column":3},"end":{"line":194,"column":50}},"83":{"start":{"line":198,"column":2},"end":{"line":198,"column":26}},"84":{"start":{"line":203,"column":2},"end":{"line":203,"column":87}},"85":{"start":{"line":207,"column":0},"end":{"line":287,"column":1}},"86":{"start":{"line":209,"column":1},"end":{"line":209,"column":20}},"87":{"start":{"line":211,"column":1},"end":{"line":214,"column":2}},"88":{"start":{"line":212,"column":2},"end":{"line":212,"column":43}},"89":{"start":{"line":213,"column":2},"end":{"line":213,"column":42}},"90":{"start":{"line":218,"column":1},"end":{"line":281,"column":4}},"91":{"start":{"line":221,"column":2},"end":{"line":225,"column":3}},"92":{"start":{"line":224,"column":3},"end":{"line":224,"column":51}},"93":{"start":{"line":228,"column":2},"end":{"line":231,"column":3}},"94":{"start":{"line":230,"column":3},"end":{"line":230,"column":49}},"95":{"start":{"line":234,"column":2},"end":{"line":246,"column":3}},"96":{"start":{"line":237,"column":3},"end":{"line":237,"column":53}},"97":{"start":{"line":239,"column":3},"end":{"line":243,"column":6}},"98":{"start":{"line":242,"column":4},"end":{"line":242,"column":36}},"99":{"start":{"line":245,"column":3},"end":{"line":245,"column":22}},"100":{"start":{"line":249,"column":2},"end":{"line":260,"column":3}},"101":{"start":{"line":251,"column":3},"end":{"line":251,"column":58}},"102":{"start":{"line":253,"column":3},"end":{"line":257,"column":6}},"103":{"start":{"line":256,"column":4},"end":{"line":256,"column":36}},"104":{"start":{"line":259,"column":3},"end":{"line":259,"column":22}},"105":{"start":{"line":263,"column":2},"end":{"line":277,"column":3}},"106":{"start":{"line":268,"column":3},"end":{"line":268,"column":52}},"107":{"start":{"line":271,"column":3},"end":{"line":274,"column":6}},"108":{"start":{"line":273,"column":4},"end":{"line":273,"column":36}},"109":{"start":{"line":276,"column":3},"end":{"line":276,"column":22}},"110":{"start":{"line":280,"column":2},"end":{"line":280,"column":31}},"111":{"start":{"line":284,"column":1},"end":{"line":284,"column":31}},"112":{"start":{"line":286,"column":1},"end":{"line":286,"column":120}},"113":{"start":{"line":290,"column":0},"end":{"line":340,"column":1}},"114":{"start":{"line":292,"column":1},"end":{"line":292,"column":16}},"115":{"start":{"line":294,"column":1},"end":{"line":296,"column":2}},"116":{"start":{"line":295,"column":2},"end":{"line":295,"column":20}},"117":{"start":{"line":299,"column":1},"end":{"line":306,"column":2}},"118":{"start":{"line":301,"column":2},"end":{"line":305,"column":3}},"119":{"start":{"line":303,"column":16},"end":{"line":303,"column":38}},"120":{"start":{"line":304,"column":4},"end":{"line":304,"column":10}},"121":{"start":{"line":308,"column":1},"end":{"line":312,"column":2}},"122":{"start":{"line":309,"column":2},"end":{"line":309,"column":42}},"123":{"start":{"line":310,"column":8},"end":{"line":312,"column":2}},"124":{"start":{"line":311,"column":2},"end":{"line":311,"column":39}},"125":{"start":{"line":314,"column":1},"end":{"line":327,"column":2}},"126":{"start":{"line":316,"column":2},"end":{"line":326,"column":5}},"127":{"start":{"line":318,"column":3},"end":{"line":318,"column":21}},"128":{"start":{"line":320,"column":3},"end":{"line":322,"column":4}},"129":{"start":{"line":321,"column":4},"end":{"line":321,"column":22}},"130":{"start":{"line":324,"column":4},"end":{"line":324,"column":78}},"131":{"start":{"line":329,"column":1},"end":{"line":329,"column":19}},"132":{"start":{"line":331,"column":1},"end":{"line":333,"column":2}},"133":{"start":{"line":332,"column":2},"end":{"line":332,"column":20}},"134":{"start":{"line":335,"column":1},"end":{"line":337,"column":2}},"135":{"start":{"line":336,"column":2},"end":{"line":336,"column":21}},"136":{"start":{"line":339,"column":1},"end":{"line":339,"column":18}},"137":{"start":{"line":345,"column":0},"end":{"line":490,"column":1}},"138":{"start":{"line":348,"column":1},"end":{"line":349,"column":28}},"139":{"start":{"line":355,"column":1},"end":{"line":356,"column":28}},"140":{"start":{"line":358,"column":1},"end":{"line":359,"column":29}},"141":{"start":{"line":361,"column":1},"end":{"line":363,"column":11}},"142":{"start":{"line":365,"column":1},"end":{"line":365,"column":22}},"143":{"start":{"line":367,"column":1},"end":{"line":487,"column":2}},"144":{"start":{"line":369,"column":2},"end":{"line":486,"column":3}},"145":{"start":{"line":372,"column":3},"end":{"line":375,"column":40}},"146":{"start":{"line":373,"column":4},"end":{"line":373,"column":43}},"147":{"start":{"line":374,"column":8},"end":{"line":375,"column":40}},"148":{"start":{"line":375,"column":4},"end":{"line":375,"column":40}},"149":{"start":{"line":377,"column":3},"end":{"line":390,"column":4}},"150":{"start":{"line":379,"column":4},"end":{"line":389,"column":5}},"151":{"start":{"line":380,"column":5},"end":{"line":383,"column":6}},"152":{"start":{"line":382,"column":6},"end":{"line":382,"column":22}},"153":{"start":{"line":384,"column":11},"end":{"line":389,"column":5}},"154":{"start":{"line":385,"column":5},"end":{"line":388,"column":6}},"155":{"start":{"line":387,"column":6},"end":{"line":387,"column":22}},"156":{"start":{"line":392,"column":3},"end":{"line":484,"column":4}},"157":{"start":{"line":394,"column":4},"end":{"line":479,"column":5}},"158":{"start":{"line":396,"column":5},"end":{"line":477,"column":6}},"159":{"start":{"line":399,"column":6},"end":{"line":402,"column":45}},"160":{"start":{"line":400,"column":7},"end":{"line":400,"column":48}},"161":{"start":{"line":401,"column":11},"end":{"line":402,"column":45}},"162":{"start":{"line":402,"column":7},"end":{"line":402,"column":45}},"163":{"start":{"line":405,"column":6},"end":{"line":407,"column":7}},"164":{"start":{"line":406,"column":7},"end":{"line":406,"column":96}},"165":{"start":{"line":410,"column":6},"end":{"line":426,"column":7}},"166":{"start":{"line":412,"column":7},"end":{"line":425,"column":8}},"167":{"start":{"line":414,"column":8},"end":{"line":424,"column":9}},"168":{"start":{"line":415,"column":9},"end":{"line":418,"column":10}},"169":{"start":{"line":417,"column":10},"end":{"line":417,"column":26}},"170":{"start":{"line":419,"column":15},"end":{"line":424,"column":9}},"171":{"start":{"line":420,"column":9},"end":{"line":423,"column":10}},"172":{"start":{"line":422,"column":10},"end":{"line":422,"column":26}},"173":{"start":{"line":428,"column":6},"end":{"line":475,"column":7}},"174":{"start":{"line":430,"column":7},"end":{"line":430,"column":33}},"175":{"start":{"line":431,"column":7},"end":{"line":437,"column":8}},"176":{"start":{"line":433,"column":8},"end":{"line":436,"column":9}},"177":{"start":{"line":434,"column":9},"end":{"line":434,"column":34}},"178":{"start":{"line":435,"column":9},"end":{"line":435,"column":15}},"179":{"start":{"line":439,"column":7},"end":{"line":470,"column":8}},"180":{"start":{"line":441,"column":8},"end":{"line":443,"column":9}},"181":{"start":{"line":442,"column":9},"end":{"line":442,"column":100}},"182":{"start":{"line":445,"column":8},"end":{"line":445,"column":24}},"183":{"start":{"line":446,"column":8},"end":{"line":446,"column":26}},"184":{"start":{"line":447,"column":8},"end":{"line":447,"column":27}},"185":{"start":{"line":448,"column":8},"end":{"line":448,"column":29}},"186":{"start":{"line":450,"column":8},"end":{"line":450,"column":75}},"187":{"start":{"line":452,"column":8},"end":{"line":469,"column":9}},"188":{"start":{"line":454,"column":9},"end":{"line":468,"column":10}},"189":{"start":{"line":455,"column":10},"end":{"line":455,"column":64}},"190":{"start":{"line":456,"column":10},"end":{"line":456,"column":69}},"191":{"start":{"line":457,"column":10},"end":{"line":457,"column":34}},"192":{"start":{"line":458,"column":10},"end":{"line":458,"column":30}},"193":{"start":{"line":459,"column":10},"end":{"line":459,"column":36}},"194":{"start":{"line":460,"column":10},"end":{"line":460,"column":32}},"195":{"start":{"line":461,"column":16},"end":{"line":468,"column":10}},"196":{"start":{"line":462,"column":10},"end":{"line":462,"column":61}},"197":{"start":{"line":463,"column":10},"end":{"line":463,"column":66}},"198":{"start":{"line":464,"column":10},"end":{"line":464,"column":34}},"199":{"start":{"line":465,"column":10},"end":{"line":465,"column":30}},"200":{"start":{"line":466,"column":10},"end":{"line":466,"column":36}},"201":{"start":{"line":467,"column":10},"end":{"line":467,"column":32}},"202":{"start":{"line":474,"column":7},"end":{"line":474,"column":24}},"203":{"start":{"line":483,"column":4},"end":{"line":483,"column":21}},"204":{"start":{"line":489,"column":1},"end":{"line":489,"column":22}},"205":{"start":{"line":495,"column":0},"end":{"line":590,"column":1}},"206":{"start":{"line":498,"column":1},"end":{"line":501,"column":21}},"207":{"start":{"line":504,"column":1},"end":{"line":589,"column":2}},"208":{"start":{"line":506,"column":2},"end":{"line":588,"column":3}},"209":{"start":{"line":508,"column":3},"end":{"line":587,"column":4}},"210":{"start":{"line":513,"column":4},"end":{"line":584,"column":5}},"211":{"start":{"line":517,"column":5},"end":{"line":517,"column":18}},"212":{"start":{"line":519,"column":5},"end":{"line":520,"column":78}},"213":{"start":{"line":520,"column":9},"end":{"line":520,"column":78}},"214":{"start":{"line":522,"column":5},"end":{"line":522,"column":41}},"215":{"start":{"line":523,"column":5},"end":{"line":524,"column":46}},"216":{"start":{"line":524,"column":9},"end":{"line":524,"column":46}},"217":{"start":{"line":530,"column":5},"end":{"line":530,"column":14}},"218":{"start":{"line":532,"column":5},"end":{"line":533,"column":100}},"219":{"start":{"line":533,"column":9},"end":{"line":533,"column":100}},"220":{"start":{"line":535,"column":5},"end":{"line":535,"column":52}},"221":{"start":{"line":536,"column":5},"end":{"line":537,"column":57}},"222":{"start":{"line":537,"column":9},"end":{"line":537,"column":57}},"223":{"start":{"line":543,"column":5},"end":{"line":583,"column":6}},"224":{"start":{"line":546,"column":6},"end":{"line":568,"column":7}},"225":{"start":{"line":548,"column":7},"end":{"line":567,"column":8}},"226":{"start":{"line":550,"column":8},"end":{"line":561,"column":9}},"227":{"start":{"line":551,"column":9},"end":{"line":551,"column":36}},"228":{"start":{"line":553,"column":9},"end":{"line":555,"column":10}},"229":{"start":{"line":554,"column":10},"end":{"line":554,"column":117}},"230":{"start":{"line":556,"column":9},"end":{"line":556,"column":84}},"231":{"start":{"line":558,"column":9},"end":{"line":560,"column":10}},"232":{"start":{"line":559,"column":10},"end":{"line":559,"column":117}},"233":{"start":{"line":563,"column":8},"end":{"line":566,"column":9}},"234":{"start":{"line":564,"column":9},"end":{"line":564,"column":115}},"235":{"start":{"line":570,"column":6},"end":{"line":582,"column":7}},"236":{"start":{"line":572,"column":7},"end":{"line":577,"column":10}},"237":{"start":{"line":581,"column":7},"end":{"line":581,"column":35}},"238":{"start":{"line":593,"column":0},"end":{"line":613,"column":1}},"239":{"start":{"line":596,"column":1},"end":{"line":612,"column":2}},"240":{"start":{"line":598,"column":2},"end":{"line":610,"column":3}},"241":{"start":{"line":600,"column":3},"end":{"line":609,"column":7}},"242":{"start":{"line":602,"column":4},"end":{"line":606,"column":5}},"243":{"start":{"line":604,"column":5},"end":{"line":604,"column":33}},"244":{"start":{"line":605,"column":5},"end":{"line":605,"column":27}},"245":{"start":{"line":608,"column":10},"end":{"line":608,"column":29}},"246":{"start":{"line":616,"column":0},"end":{"line":616,"column":26}}},"branchMap":{"1":{"line":47,"type":"if","locations":[{"start":{"line":47,"column":3},"end":{"line":47,"column":3}},{"start":{"line":47,"column":3},"end":{"line":47,"column":3}}]},"2":{"line":56,"type":"if","locations":[{"start":{"line":56,"column":4},"end":{"line":56,"column":4}},{"start":{"line":56,"column":4},"end":{"line":56,"column":4}}]},"3":{"line":57,"type":"if","locations":[{"start":{"line":57,"column":5},"end":{"line":57,"column":5}},{"start":{"line":57,"column":5},"end":{"line":57,"column":5}}]},"4":{"line":66,"type":"if","locations":[{"start":{"line":66,"column":4},"end":{"line":66,"column":4}},{"start":{"line":66,"column":4},"end":{"line":66,"column":4}}]},"5":{"line":66,"type":"binary-expr","locations":[{"start":{"line":66,"column":8},"end":{"line":66,"column":40}},{"start":{"line":66,"column":44},"end":{"line":66,"column":81}}]},"6":{"line":67,"type":"if","locations":[{"start":{"line":67,"column":5},"end":{"line":67,"column":5}},{"start":{"line":67,"column":5},"end":{"line":67,"column":5}}]},"7":{"line":77,"type":"if","locations":[{"start":{"line":77,"column":4},"end":{"line":77,"column":4}},{"start":{"line":77,"column":4},"end":{"line":77,"column":4}}]},"8":{"line":78,"type":"if","locations":[{"start":{"line":78,"column":5},"end":{"line":78,"column":5}},{"start":{"line":78,"column":5},"end":{"line":78,"column":5}}]},"9":{"line":99,"type":"if","locations":[{"start":{"line":99,"column":3},"end":{"line":99,"column":3}},{"start":{"line":99,"column":3},"end":{"line":99,"column":3}}]},"10":{"line":107,"type":"if","locations":[{"start":{"line":107,"column":4},"end":{"line":107,"column":4}},{"start":{"line":107,"column":4},"end":{"line":107,"column":4}}]},"11":{"line":111,"type":"if","locations":[{"start":{"line":111,"column":4},"end":{"line":111,"column":4}},{"start":{"line":111,"column":4},"end":{"line":111,"column":4}}]},"12":{"line":121,"type":"if","locations":[{"start":{"line":121,"column":4},"end":{"line":121,"column":4}},{"start":{"line":121,"column":4},"end":{"line":121,"column":4}}]},"13":{"line":125,"type":"if","locations":[{"start":{"line":125,"column":4},"end":{"line":125,"column":4}},{"start":{"line":125,"column":4},"end":{"line":125,"column":4}}]},"14":{"line":135,"type":"if","locations":[{"start":{"line":135,"column":4},"end":{"line":135,"column":4}},{"start":{"line":135,"column":4},"end":{"line":135,"column":4}}]},"15":{"line":139,"type":"if","locations":[{"start":{"line":139,"column":4},"end":{"line":139,"column":4}},{"start":{"line":139,"column":4},"end":{"line":139,"column":4}}]},"16":{"line":151,"type":"if","locations":[{"start":{"line":151,"column":4},"end":{"line":151,"column":4}},{"start":{"line":151,"column":4},"end":{"line":151,"column":4}}]},"17":{"line":155,"type":"if","locations":[{"start":{"line":155,"column":4},"end":{"line":155,"column":4}},{"start":{"line":155,"column":4},"end":{"line":155,"column":4}}]},"18":{"line":165,"type":"if","locations":[{"start":{"line":165,"column":4},"end":{"line":165,"column":4}},{"start":{"line":165,"column":4},"end":{"line":165,"column":4}}]},"19":{"line":169,"type":"if","locations":[{"start":{"line":169,"column":4},"end":{"line":169,"column":4}},{"start":{"line":169,"column":4},"end":{"line":169,"column":4}}]},"20":{"line":178,"type":"if","locations":[{"start":{"line":178,"column":4},"end":{"line":178,"column":4}},{"start":{"line":178,"column":4},"end":{"line":178,"column":4}}]},"21":{"line":182,"type":"if","locations":[{"start":{"line":182,"column":4},"end":{"line":182,"column":4}},{"start":{"line":182,"column":4},"end":{"line":182,"column":4}}]},"22":{"line":190,"type":"if","locations":[{"start":{"line":190,"column":3},"end":{"line":190,"column":3}},{"start":{"line":190,"column":3},"end":{"line":190,"column":3}}]},"23":{"line":211,"type":"if","locations":[{"start":{"line":211,"column":1},"end":{"line":211,"column":1}},{"start":{"line":211,"column":1},"end":{"line":211,"column":1}}]},"24":{"line":221,"type":"if","locations":[{"start":{"line":221,"column":2},"end":{"line":221,"column":2}},{"start":{"line":221,"column":2},"end":{"line":221,"column":2}}]},"25":{"line":228,"type":"if","locations":[{"start":{"line":228,"column":2},"end":{"line":228,"column":2}},{"start":{"line":228,"column":2},"end":{"line":228,"column":2}}]},"26":{"line":234,"type":"if","locations":[{"start":{"line":234,"column":2},"end":{"line":234,"column":2}},{"start":{"line":234,"column":2},"end":{"line":234,"column":2}}]},"27":{"line":234,"type":"binary-expr","locations":[{"start":{"line":234,"column":6},"end":{"line":234,"column":28}},{"start":{"line":234,"column":32},"end":{"line":234,"column":59}}]},"28":{"line":249,"type":"if","locations":[{"start":{"line":249,"column":2},"end":{"line":249,"column":2}},{"start":{"line":249,"column":2},"end":{"line":249,"column":2}}]},"29":{"line":263,"type":"if","locations":[{"start":{"line":263,"column":2},"end":{"line":263,"column":2}},{"start":{"line":263,"column":2},"end":{"line":263,"column":2}}]},"30":{"line":299,"type":"if","locations":[{"start":{"line":299,"column":1},"end":{"line":299,"column":1}},{"start":{"line":299,"column":1},"end":{"line":299,"column":1}}]},"31":{"line":301,"type":"switch","locations":[{"start":{"line":303,"column":3},"end":{"line":304,"column":10}}]},"32":{"line":308,"type":"if","locations":[{"start":{"line":308,"column":1},"end":{"line":308,"column":1}},{"start":{"line":308,"column":1},"end":{"line":308,"column":1}}]},"33":{"line":310,"type":"if","locations":[{"start":{"line":310,"column":8},"end":{"line":310,"column":8}},{"start":{"line":310,"column":8},"end":{"line":310,"column":8}}]},"34":{"line":314,"type":"if","locations":[{"start":{"line":314,"column":1},"end":{"line":314,"column":1}},{"start":{"line":314,"column":1},"end":{"line":314,"column":1}}]},"35":{"line":335,"type":"if","locations":[{"start":{"line":335,"column":1},"end":{"line":335,"column":1}},{"start":{"line":335,"column":1},"end":{"line":335,"column":1}}]},"36":{"line":335,"type":"binary-expr","locations":[{"start":{"line":335,"column":5},"end":{"line":335,"column":32}},{"start":{"line":335,"column":36},"end":{"line":335,"column":60}}]},"37":{"line":369,"type":"if","locations":[{"start":{"line":369,"column":2},"end":{"line":369,"column":2}},{"start":{"line":369,"column":2},"end":{"line":369,"column":2}}]},"38":{"line":369,"type":"binary-expr","locations":[{"start":{"line":369,"column":7},"end":{"line":369,"column":40}},{"start":{"line":369,"column":44},"end":{"line":369,"column":74}},{"start":{"line":369,"column":79},"end":{"line":369,"column":115}},{"start":{"line":370,"column":6},"end":{"line":370,"column":34}}]},"39":{"line":372,"type":"if","locations":[{"start":{"line":372,"column":3},"end":{"line":372,"column":3}},{"start":{"line":372,"column":3},"end":{"line":372,"column":3}}]},"40":{"line":374,"type":"if","locations":[{"start":{"line":374,"column":8},"end":{"line":374,"column":8}},{"start":{"line":374,"column":8},"end":{"line":374,"column":8}}]},"41":{"line":379,"type":"if","locations":[{"start":{"line":379,"column":4},"end":{"line":379,"column":4}},{"start":{"line":379,"column":4},"end":{"line":379,"column":4}}]},"42":{"line":380,"type":"if","locations":[{"start":{"line":380,"column":5},"end":{"line":380,"column":5}},{"start":{"line":380,"column":5},"end":{"line":380,"column":5}}]},"43":{"line":384,"type":"if","locations":[{"start":{"line":384,"column":11},"end":{"line":384,"column":11}},{"start":{"line":384,"column":11},"end":{"line":384,"column":11}}]},"44":{"line":385,"type":"if","locations":[{"start":{"line":385,"column":5},"end":{"line":385,"column":5}},{"start":{"line":385,"column":5},"end":{"line":385,"column":5}}]},"45":{"line":392,"type":"if","locations":[{"start":{"line":392,"column":3},"end":{"line":392,"column":3}},{"start":{"line":392,"column":3},"end":{"line":392,"column":3}}]},"46":{"line":396,"type":"if","locations":[{"start":{"line":396,"column":5},"end":{"line":396,"column":5}},{"start":{"line":396,"column":5},"end":{"line":396,"column":5}}]},"47":{"line":396,"type":"binary-expr","locations":[{"start":{"line":396,"column":10},"end":{"line":396,"column":43}},{"start":{"line":396,"column":47},"end":{"line":39
[...]
reen,","\terror = clc.red,","\terror2 = clc.redBright,","\twarning = clc.yellow,","\tawesome = clc.magentaBright;","","var filenameIn = '';","var filenameOut = '';","","var is_verbose = false,","\tis_no_duplicate_property = false;","","function CSSPurge(filenameInput, filenameOutput, options) {","","\tfilenameIn = filenameInput;","\tfilenameOut = filenameOutput;","\tis_verbose = options.verbose;","\tis_no_duplicate_property = options.no_duplicate_property;","","\ttry {","\t\tvar css = read(filenameIn, 'utf8');","","\t\tvar parsedCSS = parse(css),","\t\t\tparsedRules = parsedCSS.stylesheet.rules,","\t\t\tparsedRulesLen = parsedRules.length;","","\t\tvar baseDuplicates = [], mediaDuplicates = [], keyFramesDuplicates = [],","\t\t\tsupportsDuplicates = [];","","\t\tvar mediaDuplicatesLen = 0, keyFramesDuplicatesLen = 0, supportsDuplicatesLen = 0;","","\t\tvar i = 0;","","\t\t// console.log(parsedCSS);","\t\t// console.log(parsedCSS.stylesheet);","\t\t// console.log(parsedCSS.stylesheet.rules);","\t\t// console.log('----');","","\t\t///detect duplicates","\t\t\tif(is_verbose) {","\t\t\t\tconsole.log('-------------------------');","\t\t\t\tconsole.log(warning('Detecting base duplicates...'));","\t\t\t}","\t\t\tbaseDuplicates = get_duplicates(parsedRules, parsedRules);","","\t\t\tfor (i = 0; i < parsedRulesLen; i++) {","","\t\t\t\t//@media","\t\t\t\tif (parsedRules[i].media != undefined) {","\t\t\t\t\tif(is_verbose) {","\t\t\t\t\t\tconsole.log('-------------------------');","\t\t\t\t\t\tconsole.log(warning('Detecting media duplicates...'));","\t\t\t\t\t}","\t\t\t\t\t// console.log(parsedRules[i].rules);","\t\t\t\t\tmediaDuplicates.push([get_duplicates(parsedRules[i].rules, parsedRules[i].rules), i]); //duplicates for the media query and index of media query","\t\t\t\t}","","\t\t\t\t//@keyframes","\t\t\t\tif (parsedRules[i].name != undefined && parsedRules[i].keyframes != undefined) {","\t\t\t\t\tif(is_verbose) {","\t\t\t\t\t\tconsole.log('-------------------------');","\t\t\t\t\t\tconsole.log(warning('Detecting keyframes duplicates...'));","\t\t\t\t\t}","","\t\t\t\t\t// console.log(parsedRules[i].keyframes);","\t\t\t\t\tkeyFramesDuplicates.push([get_duplicates(parsedRules[i].keyframes, parsedRules[i].keyframes), i]); //duplicates for the keyframes and index of media query","\t\t\t\t}","","\t\t\t\t//@supports","\t\t\t\tif (parsedRules[i].supports != undefined) {","\t\t\t\t\tif(is_verbose) {","\t\t\t\t\t\tconsole.log('-------------------------');","\t\t\t\t\t\tconsole.log(warning('Detecting supports duplicates...'));","\t\t\t\t\t}","","\t\t\t\t\t// console.log(parsedRules[i].rules);\t\t","\t\t\t\t\tsupportsDuplicates.push([get_duplicates(parsedRules[i].rules, parsedRules[i].rules), i]); //duplicates for the supports and index of media query","\t\t\t\t}","","\t\t\t}","\t\t\t// console.log(keyFramesDuplicates);","\t\t\t// console.log(supportsDuplicates);","\t\t\t// console.log(mediaDuplicates);","\t\t///end detect duplicates","","\t\t///merge properties","\t\t\tmediaDuplicatesLen = mediaDuplicates.length,","\t\t\tkeyFramesDuplicatesLen = keyFramesDuplicates.length","\t\t\tsupportsDuplicatesLen = supportsDuplicates.length;","","\t\t\t//base","\t\t\tif(is_verbose) {","\t\t\t\tconsole.log('-------------------------');","\t\t\t\tconsole.log(warning('Copying base properties...'));","\t\t\t}","\t\t\tcopy_properties(parsedRules, baseDuplicates);","","\t\t\t//@media","\t\t\tfor (i = 0; i < mediaDuplicatesLen; i++) {","\t\t\t\tif(is_verbose) {","\t\t\t\t\tconsole.log('-------------------------');","\t\t\t\t\tconsole.log(warning('Copying media properties...'));","\t\t\t\t}","\t\t\t\tif (mediaDuplicates[i][0].length > 0) {","","\t\t\t\t\t// console.log(mediaDuplicates[i]);","\t\t\t\t\tcopy_properties(parsedRules[mediaDuplicates[i][1]].rules, mediaDuplicates[i][0]);","\t\t\t\t}","\t\t\t}","","\t\t\t//@keyframes","\t\t\tfor (i = 0; i < keyFramesDuplicatesLen; i++) {","","\t\t\t\tif(is_verbose) {","\t\t\t\t\tconsole.log('-------------------------');","\t\t\t\t\tconsole.log(warning('Copying keyframes properties...'));","\t\t\t\t}","\t\t\t\tif (keyFramesDuplicates[i][0].length > 0) {","","\t\t\t\t\t// console.log(keyFramesDuplicates[i]);","\t\t\t\t\tcopy_properties(parsedRules[keyFramesDuplicates[i][1]].keyframes, keyFramesDuplicates[i][0]);","\t\t\t\t}","\t\t\t}","","\t\t\t//@supports","\t\t\tfor (i = 0; i < supportsDuplicatesLen; i++) {","","\t\t\t\tif(is_verbose) {","\t\t\t\t\tconsole.log('-------------------------');","\t\t\t\t\tconsole.log(warning('Copying supports properties...'));","\t\t\t\t}","\t\t\t\tif (supportsDuplicates[i][0].length > 0) {","","\t\t\t\t\t// console.log(supportsDuplicates[i]);","\t\t\t\t\tcopy_properties(parsedRules[supportsDuplicates[i][1]].rules, supportsDuplicates[i][0]);","\t\t\t\t}","\t\t\t}","\t\t///end merge properties","","\t\t///remove duplicate rules -- reversed: remove all inner duplicates first to not disturb the main index structure","","\t\t\t//@media","\t\t\tfor (i = 0; i < mediaDuplicatesLen; i++) {","\t\t\t\tif(is_verbose) {","\t\t\t\t\tconsole.log('-------------------------');","\t\t\t\t\tconsole.log(warning('Removing media duplicates...'));","\t\t\t\t}","\t\t\t\tif (mediaDuplicates[i][0].length > 0) {","","\t\t\t\t\t// console.log(mediaDuplicates[i]);","\t\t\t\t\t// console.log(parsedRules[mediaDuplicates[i][1]].rules);","\t\t\t\t\tremove_duplicates(parsedRules[mediaDuplicates[i][1]].rules, mediaDuplicates[i][0]);","\t\t\t\t}","\t\t\t}","","\t\t\t//@keyframes","\t\t\tfor (i = 0; i < keyFramesDuplicatesLen; i++) {","\t\t\t\tif(is_verbose) {","\t\t\t\t\tconsole.log('-------------------------');","\t\t\t\t\tconsole.log(warning('Removing keyframes duplicates...'));","\t\t\t\t}","\t\t\t\tif (keyFramesDuplicates[i][0].length > 0) {","","\t\t\t\t\t// console.log(keyFramesDuplicates[i]);","\t\t\t\t\tremove_duplicates(parsedRules[keyFramesDuplicates[i][1]].keyframes, keyFramesDuplicates[i][0]);","\t\t\t\t}","\t\t\t}","","\t\t\t//@supports","\t\t\tfor (i = 0; i < supportsDuplicatesLen; i++) {","\t\t\t\tif(is_verbose) {","\t\t\t\t\tconsole.log('-------------------------');","\t\t\t\t\tconsole.log(warning('Removing supports duplicates...'));","\t\t\t\t}","\t\t\t\tif (supportsDuplicates[i][0].length > 0) {","","\t\t\t\t\t// console.log(supportsDuplicates[i]);","\t\t\t\t\tremove_duplicates(parsedRules[supportsDuplicates[i][1]].rules, supportsDuplicates[i][0]);","\t\t\t\t}","\t\t\t}","","\t\t\t//base","\t\t\tif(is_verbose) {","\t\t\t\tconsole.log('-------------------------');","\t\t\t\tconsole.log(warning('Removing base duplicates...'));","\t\t\t}","\t\t\tremove_duplicates(parsedRules, baseDuplicates);","","\t\t///end remove duplicate rules","","\t\toutput_css(parsedRules);","","","\t} catch (e) {","","\t\tconsole.log(error('\\nDarn it, something went wrong: \\n\\n') + error2(e.stack) + '\\n');","\t}","}","","function output_css(rules) {","","\tvar outputCSS = '';","","\tif(is_verbose) {","\t\tconsole.log('-------------------------');","\t\tconsole.log(warning('Writing file...'));","\t}","","\t// console.log(filenameOut);","","\trules.forEach(function(rule){","\t\t","\t\t//@charset","\t\tif (rule.charset != undefined) {","","\t\t\t// console.log(rule.charset);","\t\t\toutputCSS += '@charset ' + rule.charset + ';\\n';","\t\t}","","\t\t//@import","\t\tif (rule.import != undefined) {","","\t\t\toutputCSS += '@import ' + rule.import + ';\\n';","\t\t}","","\t\t//@keyframes","\t\tif (rule.name != undefined && rule.keyframes != undefined) {","","\t\t\t// console.log(rule);","\t\t\toutputCSS += '\\n@keyframes ' + rule.name + ' {\\n';","","\t\t\trule.keyframes.forEach(function(rule){","","\t\t\t\t// console.log(rule);","\t\t\t\toutputCSS += _get_rule(rule, 1);","\t\t\t});","","\t\t\toutputCSS += '}\\n';","\t\t}","","\t\t//@supports","\t\tif (rule.supports != undefined) {","","\t\t\toutputCSS += '\\n@supports ' + rule.supports + ' {\\n\\n';","","\t\t\trule.rules.forEach(function(rule){","","\t\t\t\t// console.log(rule);","\t\t\t\toutputCSS += _get_rule(rule, 1);","\t\t\t});","","\t\t\toutputCSS += '}\\n';","\t\t}","","\t\t//@media","\t\tif (rule.media != undefined) {","","\t\t\t// console.log(rule.media);","\t\t\t// console.log(rule.rules);","","\t\t\toutputCSS += '\\n@media ' + rule.media + ' {\\n\\n';","","","\t\t\trule.rules.forEach(function(rule){","","\t\t\t\toutputCSS += _get_rule(rule, 1);","\t\t\t});","","\t\t\toutputCSS += '}\\n';","\t\t}","","\t\t//handle normal selectors","\t\toutputCSS += _get_rule(rule);","\t});","","","\twrite(filenameOut, outputCSS);","","\tconsole.log('\\n' + new Date() + ' ' + awesome('Success! ') + success2(filenameIn) + ' : ' + success(filenameOut) + '');","}","","","function _get_rule(rule, no_indents) {","","\toutputCSS = '';","","\tfor (i = 0; i < no_indents; i++) {","\t\toutputCSS += '\\t';","\t}","","\t//@page","\tif (rule.type != undefined) {","","\t\tswitch(rule.type) {","","\t\t\tcase 'page': outputCSS += '@page ';","\t\t\t\tbreak;","\t\t}","\t}","","\tif (rule.selectors != undefined) {","\t\toutputCSS += '' + rule.selectors + ' {';","\t} else if (rule.values != undefined) {","\t\toutputCSS += '' + rule.values + ' {';","\t}","\t","\tif (rule.declarations != undefined) {","\t\t// console.log(rule.declarations);","\t\trule.declarations.forEach(function(declaration){","","\t\t\toutputCSS += '\\n';","","\t\t\tfor (i = 0; i < no_indents; i++) {","\t\t\t\toutputCSS += '\\t';","\t\t\t}","\t\t\t// console.log(declaration);","\t\t \toutputCSS += '\\t' + declaration.property + ': ' + declaration.value + ';';","\t","\t\t});","\t}","","\toutputCSS += '\\n';","","\tfor (i = 0; i < no_indents; i++) {","\t\toutputCSS += '\\t';","\t}","","\tif (rule.selectors != undefined || rule.values != undefined) {","\t\toutputCSS += '}\\n';","\t}","","\treturn outputCSS;","}","","","","","function get_duplicates(fRules, oRules) { //fRules - Final Rules, oRules = Original Rules","","\t//the list of rules to ignore checking for duplication, duh.","\tvar ignoreRulesList = ['@font-face'],","\t\truleToIgnoreFound = false;","\t","\t// console.log(fRules);","\t// console.log('----------------------------');","\t// console.log(oRules);","","\tvar fRulesLen = fRules.length,","\t\toRulesLen = oRules.length;","","\tvar i = 0, j = 0, k = 0, ","\t\tl = 0, m = 0, peetsake = 0;","","\tvar rulesToChange = [],","\t\truleTo, ","\t\truleFrom;","","\tvar isRescan = false;","","\tfor (i = 0; i < fRulesLen; i++) {","","\t\tif ((fRules[i].selectors !== undefined || fRules[i].values !== undefined) && fRules[i].declarations !== undefined ","\t\t\t&& fRules[i].type === undefined) {","\t\t\t","\t\t\tif (fRules[i].selectors !== undefined)","\t\t\t\tselectorsTo = '' + fRules[i].selectors;","\t\t\telse if (fRules[i].values !== undefined)","\t\t\t\tselectorsTo = '' + fRules[i].values;","","\t\t\tfor (m = 0; m < rulesToChange.length; m++) {","","\t\t\t\tif (fRules[i].selectors !== undefined) {","\t\t\t\t\tif (rulesToChange[m][0].selectors + '' == selectorsTo) {","","\t\t\t\t\t\tisRescan = true;","\t\t\t\t\t}","\t\t\t\t} else if (fRules[i].values !== undefined) {","\t\t\t\t\tif (rulesToChange[m][0].values + '' == selectorsTo) {","","\t\t\t\t\t\tisRescan = true;","\t\t\t\t\t}","\t\t\t\t}","\t\t\t}","","\t\t\tif (!isRescan) {","","\t\t\t\tfor (j = 0; j < oRulesLen; j++) {","","\t\t\t\t\tif ((oRules[j].selectors !== undefined || oRules[j].values !== undefined) && oRules[j].declarations !== undefined ","\t\t\t\t\t\t&& oRules[j].type === undefined) {","","\t\t\t\t\t\tif (oRules[j].selectors !== undefined)","\t\t\t\t\t\t\tselectorsFrom = '' + oRules[j].selectors;","\t\t\t\t\t\telse if (oRules[j].values !== undefined)","\t\t\t\t\t\t\tselectorsFrom = '' + oRules[j].values;","","","\t\t\t\t\t\tif (is_verbose) {","\t\t\t\t\t\t\tconsole.log('Comparing [' + i + ']' + selectorsTo + ' ' + '[' + j + ']' + selectorsFrom);","\t\t\t\t\t\t}","\t\t\t\t\t\t","","\t\t\t\t\t\tfor (k = 0; k < rulesToChange.length; k++) {","","\t\t\t\t\t\t\tfor (l = 0; l < rulesToChange[k][1].length; l++) {","","\t\t\t\t\t\t\t\tif (oRules[j].selectors !== undefined) {","\t\t\t\t\t\t\t\t\tif (selectorsFrom == rulesToChange[k][1].selectors + '') {","","\t\t\t\t\t\t\t\t\t\tisRescan = true;","\t\t\t\t\t\t\t\t\t}","\t\t\t\t\t\t\t\t} else if (oRules[j].values !== undefined) {","\t\t\t\t\t\t\t\t\tif (selectorsFrom == rulesToChange[k][1].values + '') {","","\t\t\t\t\t\t\t\t\t\tisRescan = true;","\t\t\t\t\t\t\t\t\t}","\t\t\t\t\t\t\t\t}","\t\t\t\t\t\t\t}","\t\t\t\t\t\t}","\t\t\t\t\t\t","\t\t\t\t\t\tif (!isRescan) {","","\t\t\t\t\t\t\truleToIgnoreFound = false;","\t\t\t\t\t\t\tfor (peetsake = 0; peetsake < ignoreRulesList.length; peetsake++) {","","\t\t\t\t\t\t\t\tif (selectorsTo == ignoreRulesList[peetsake] || selectorsFrom == ignoreRulesList[peetsake]) {","\t\t\t\t\t\t\t\t\truleToIgnoreFound = true;","\t\t\t\t\t\t\t\t\tbreak;","\t\t\t\t\t\t\t\t}","\t\t\t\t\t\t\t}","","\t\t\t\t\t\t\tif (selectorsTo == selectorsFrom && i != j && !ruleToIgnoreFound) {","","\t\t\t\t\t\t\t\tif (is_verbose) {","\t\t\t\t\t\t\t\t\tconsole.log('! Comparing [' + i + ']' + selectorsTo + ' ' + '[' + j + ']' + selectorsFrom);","\t\t\t\t\t\t\t\t}","","\t\t\t\t\t\t\t\truleToIndex = i;","\t\t\t\t\t\t\t\truleFromIndex = j;","\t\t\t\t\t\t\t\truleTo = fRules[i];","\t\t\t\t\t\t\t\truleFrom = oRules[j];","","\t\t\t\t\t\t\t\trulesToChange.push([ruleTo, ruleFrom, ruleToIndex, ruleFromIndex]);","","\t\t\t\t\t\t\t\tif (is_verbose) {","","\t\t\t\t\t\t\t\t\tif (oRules[j].selectors !== undefined) {","\t\t\t\t\t\t\t\t\t\tconsole.log('CopyTo: [' + i + ']' + ruleTo.selectors);","\t\t\t\t\t\t\t\t\t\tconsole.log('Duplicate: [' + j + ']' + ruleFrom.selectors);","\t\t\t\t\t\t\t\t\t\tconsole.log('RuleTo: ');","\t\t\t\t\t\t\t\t\t\tconsole.log(ruleTo);","\t\t\t\t\t\t\t\t\t\tconsole.log('RuleFrom: ');","\t\t\t\t\t\t\t\t\t\tconsole.log(ruleFrom);","\t\t\t\t\t\t\t\t\t} else if (oRules[j].values !== undefined) {","\t\t\t\t\t\t\t\t\t\tconsole.log('CopyTo: [' + i + ']' + ruleTo.values);","\t\t\t\t\t\t\t\t\t\tconsole.log('Duplicate: [' + j + ']' + ruleFrom.values);","\t\t\t\t\t\t\t\t\t\tconsole.log('RuleTo: ');","\t\t\t\t\t\t\t\t\t\tconsole.log(ruleTo);","\t\t\t\t\t\t\t\t\t\tconsole.log('RuleFrom: ');","\t\t\t\t\t\t\t\t\t\tconsole.log(ruleFrom);","\t\t\t\t\t\t\t\t\t}","\t\t\t\t\t\t\t\t}","\t\t\t\t\t\t\t}","","\t\t\t\t\t\t} else {","","\t\t\t\t\t\t\tisRescan = false;\t","\t\t\t\t\t\t}","","\t\t\t\t\t}","","\t\t\t\t} //end for","","\t\t\t} else {","","\t\t\t\tisRescan = false;","\t\t\t}","","\t\t} // end of if (undefined)","\t}","","\treturn rulesToChange;","}","","","","","function copy_properties(rules, rulesToChange) {","\t","","\tvar isDuplicateProperty = false,","\t\tpropertiesToCheck = [],","\t\tduplicatePropertiesIndexes = [],","\t\tnewProperties = [];","","","\tfor (i = 0; i < rules.length; i++) {","","\t\tfor (j = 0; j < rulesToChange.length; j++) {","","\t\t\tif (rulesToChange[j][2] == i) {","","\t\t\t\t// console.log(rules[i]);","\t\t\t\t// console.log(rulesToChange[j][1]);","","\t\t\t\tif (rulesToChange[j][1].declarations != undefined) {","","","\t\t\t\t\t//check rules for duplicate properties","\t\t\t\t\tvar arr = {};","","\t\t\t\t\tfor ( var l=0; l < rules[i].declarations.length; l++ )","\t\t\t\t\t    arr[rules[i].declarations[l]['property']] = rules[i].declarations[l];","","\t\t\t\t\trules[i].declarations = new Array();","\t\t\t\t\tfor ( key in arr )","\t\t\t\t\t    rules[i].declarations.push(arr[key]);","\t\t\t\t\t// console.log(rules[i].declarations)","","","","\t\t\t\t\t//check rules to change with for duplicate properties","\t\t\t\t\tarr = {};","","\t\t\t\t\tfor ( var l=0; l < rulesToChange[j][1].declarations.length; l++ )","\t\t\t\t\t    arr[rulesToChange[j][1].declarations[l]['property']] = rulesToChange[j][1].declarations[l];","","\t\t\t\t\trulesToChange[j][1].declarations = new Array();","\t\t\t\t\tfor ( key in arr )","\t\t\t\t\t    rulesToChange[j][1].declarations.push(arr[key]);","\t\t\t\t\t// console.log(rulesToChange[j][1]);","","","","\t\t\t\t\t//the copy","\t\t\t\t\tfor (k = 0; k < rulesToChange[j][1].declarations.length; k++) {","","\t\t\t\t\t\t//check for duplicate\t\t\t","\t\t\t\t\t\tfor (l = 0; l < rules[i].declarations.length; l++) {","","\t\t\t\t\t\t\tif (rules[i].declarations[l].property + '' == rulesToChange[j][1].declarations[k].property + '') {","","\t\t\t\t\t\t\t\tif (is_no_duplicate_property) {","\t\t\t\t\t\t\t\t\tisDuplicateProperty = true;","","\t\t\t\t\t\t\t\t\tif(is_verbose) {","\t\t\t\t\t\t\t\t\t\tconsole.log('[' + i + ']B ' + rules[i].declarations[l].property + ' : ' +  rules[i].declarations[l].value);","\t\t\t\t\t\t\t\t\t}","\t\t\t\t\t\t\t\t\trules[i].declarations[l].value = rulesToChange[j][1].declarations[k].value;","","\t\t\t\t\t\t\t\t\tif(is_verbose) {","\t\t\t\t\t\t\t\t\t\tconsole.log('[' + i + ']A ' + rules[i].declarations[l].property + ' : ' +  rules[i].declarations[l].value);","\t\t\t\t\t\t\t\t\t}","\t\t\t\t\t\t\t\t}","","\t\t\t\t\t\t\t\tif(is_verbose) {","\t\t\t\t\t\t\t\t\tconsole.log('[' + i + '] ' + rules[i].declarations[l].property + ' : ' +  rules[i].declarations[l].value);","\t\t\t\t\t\t\t\t\t","\t\t\t\t\t\t\t\t}","\t\t\t\t\t\t\t}","\t\t\t\t\t\t}","","\t\t\t\t\t\tif (!isDuplicateProperty) {","","\t\t\t\t\t\t\trules[i].declarations.push({","","\t\t\t\t\t\t\t\tproperty: rulesToChange[j][1].declarations[k].property,","\t\t\t\t\t\t\t\tvalue: rulesToChange[j][1].declarations[k].value","","\t\t\t\t\t\t\t});","","\t\t\t\t\t\t} else {","","\t\t\t\t\t\t\tisDuplicateProperty = false;","\t\t\t\t\t\t}","\t\t\t\t\t} //end of for","\t\t\t\t}","","\t\t\t\t// console.log('----');","\t\t\t}","\t\t}","\t}","}","","","function remove_duplicates(rules, rulesToChange) {","\t\t","\t//remove duplicates from the back to the front (to avoid index changes)","\tfor (i = rules.length; i > 0; i--) {","","\t\tfor (j = 0; j < rulesToChange.length; j++) {","","\t\t\tif (rulesToChange[j][3] == i) {","","\t\t\t\tif(is_verbose) {","","\t\t\t\t\tconsole.log('[' + i + '] ');","\t\t\t\t\tconsole.log(rules[i]);","\t\t\t\t}","","\t\t        rules.splice(i, 1);","\t\t    }","\t\t}","","\t}","}","","","module.exports = CSSPurge;"],"l":{"1":1,"7":1,"14":1,"15":1,"17":1,"20":1,"22":0,"23":0,"24":0,"25":0,"27":0,"28":0,"30":0,"34":0,"37":0,"39":0,"47":0,"48":0,"49":0,"51":0,"53":0,"56":0,"57":0,"58":0,"59":0,"62":0,"66":0,"67":0,"68":0,"69":0,"73":0,"77":0,"78":0,"79":0,"80":0,"84":0,"94":0,"96":0,"99":0,"100":0,"101":0,"103":0,"106":0,"107":0,"108":0,"109":0,"111":0,"114":0,"119":0,"121":0,"122":0,"123":0,"125":0,"128":0,"133":0,"135":0,"136":0,"137":0,"139":0,"142":0,"150":0,"151":0,"152":0,"153":0,"155":0,"159":0,"164":0,"165":0,"166":0,"167":0,"169":0,"172":0,"177":0,"178":0,"179":0,"180":0,"182":0,"185":0,"190":0,"191":0,"192":0,"194":0,"198":0,"203":0,"207":1,"209":0,"211":0,"212":0,"213":0,"218":0,"221":0,"224":0,"228":0,"230":0,"234":0,"237":0,"239":0,"242":0,"245":0,"249":0,"251":0,"253":0,"256":0,"259":0,"263":0,"268":0,"271":0,"273":0,"276":0,"280":0,"284":0,"286":0,"290":1,"292":0,"294":0,"295":0,"299":0,"301":0,"303":0,"304":0,"308":0,"309":0,"310":0,"311":0,"314":0,"316":0,"318":0,"320":0,"321":0,"324":0,"329":0,"331":0,"332":0,"335":0,"336":0,"339":0,"345":1,"348":0,"355":0,"358":0,"361":0,"365":0,"367":0,"369":0,"372":0,"373":0,"374":0,"375":0,"377":0,"379":0,"380":0,"382":0,"384":0,"385":0,"387":0,"392":0,"394":0,"396":0,"399":0,"400":0,"401":0,"402":0,"405":0,"406":0,"410":0,"412":0,"414":0,"415":0,"417":0,"419":0,"420":0,"422":0,"428":0,"430":0,"431":0,"433":0,"434":0,"435":0,"439":0,"441":0,"442":0,"445":0,"446":0,"447":0,"448":0,"450":0,"452":0,"454":0,"455":0,"456":0,"457":0,"458":0,"459":0,"460":0,"461":0,"462":0,"463":0,"464":0,"465":0,"466":0,"467":0,"474":0,"483":0,"489":0,"495":1,"498":0,"504":0,"506":0,"508":0,"513":0,"517":0,"519":0,"520":0,"522":0,"523":0,"524":0,"530":0,"532":0,"533":0,"535":0,"536":0,"537":0,"543":0,"546":0,"548":0,"550":0,"551":0,"553":0,"554":0,"556":0,"558":0,"559":0,"563":0,"564":0,"570":0,"572":0,"581":0,"593":1,"596":0,"598":0,"600":0,"602":0,"604":0,"605":0,"608":0,"616":1}}}